2024-04-02 11:17:18.389 [HikariPool-1 housekeeper] WARN  com.zaxxer.hikari.pool.HikariPool - HikariPool-1 - Thread starvation or clock leap detected (housekeeper delta=12h49m41s734ms738µs).

2024-04-02 11:25:22.073 [MessageBroker-1] INFO  o.s.w.s.c.WebSocketMessageBrokerStats - WebSocketSession[0 current WS(0)-HttpStream(0)-HttpPoll(0), 0 total, 0 closed abnormally (0 connect failure, 0 send limit, 0 transport error)], stompSubProtocol[processed CONNECT(0)-CONNECTED(0)-DISCONNECT(0)], stompBrokerRelay[null], inboundChannel[pool size = 0, active threads = 0, queued tasks = 0, completed tasks = 0], outboundChannel[pool size = 0, active threads = 0, queued tasks = 0, completed tasks = 0], sockJsScheduler[pool size = 4, active threads = 1, queued tasks = 0, completed tasks = 9]

2024-04-02 11:35:22.396 [SpringApplicationShutdownHook] INFO  o.s.m.s.b.SimpleBrokerMessageHandler - Stopping...

2024-04-02 11:35:22.397 [SpringApplicationShutdownHook] INFO  o.s.m.s.b.SimpleBrokerMessageHandler - BrokerAvailabilityEvent[available=false, SimpleBrokerMessageHandler [org.springframework.messaging.simp.broker.DefaultSubscriptionRegistry@4973aba1]]

2024-04-02 11:35:22.397 [SpringApplicationShutdownHook] INFO  o.s.m.s.b.SimpleBrokerMessageHandler - Stopped.

2024-04-02 11:35:22.431 [org.springframework.amqp.rabbit.RabbitListenerEndpointContainer#0-2] INFO  o.s.a.r.l.SimpleMessageListenerContainer - Waiting for workers to finish.

2024-04-02 11:35:22.432 [org.springframework.amqp.rabbit.RabbitListenerEndpointContainer#1-2] INFO  o.s.a.r.l.SimpleMessageListenerContainer - Waiting for workers to finish.

2024-04-02 11:35:22.432 [org.springframework.amqp.rabbit.RabbitListenerEndpointContainer#2-2] INFO  o.s.a.r.l.SimpleMessageListenerContainer - Waiting for workers to finish.

2024-04-02 11:35:22.433 [org.springframework.amqp.rabbit.RabbitListenerEndpointContainer#3-2] INFO  o.s.a.r.l.SimpleMessageListenerContainer - Waiting for workers to finish.

2024-04-02 11:35:22.434 [org.springframework.amqp.rabbit.RabbitListenerEndpointContainer#4-2] INFO  o.s.a.r.l.SimpleMessageListenerContainer - Waiting for workers to finish.

2024-04-02 11:35:22.435 [org.springframework.amqp.rabbit.RabbitListenerEndpointContainer#5-2] INFO  o.s.a.r.l.SimpleMessageListenerContainer - Waiting for workers to finish.

2024-04-02 11:35:22.438 [org.springframework.amqp.rabbit.RabbitListenerEndpointContainer#6-2] INFO  o.s.a.r.l.SimpleMessageListenerContainer - Waiting for workers to finish.

2024-04-02 11:35:22.438 [org.springframework.amqp.rabbit.RabbitListenerEndpointContainer#7-2] INFO  o.s.a.r.l.SimpleMessageListenerContainer - Waiting for workers to finish.

2024-04-02 11:35:22.439 [org.springframework.amqp.rabbit.RabbitListenerEndpointContainer#8-2] INFO  o.s.a.r.l.SimpleMessageListenerContainer - Waiting for workers to finish.

2024-04-02 11:35:22.440 [org.springframework.amqp.rabbit.RabbitListenerEndpointContainer#9-2] INFO  o.s.a.r.l.SimpleMessageListenerContainer - Waiting for workers to finish.

2024-04-02 11:35:23.204 [org.springframework.amqp.rabbit.RabbitListenerEndpointContainer#4-2] INFO  o.s.a.r.l.SimpleMessageListenerContainer - Successfully waited for workers to finish.

2024-04-02 11:35:23.205 [org.springframework.amqp.rabbit.RabbitListenerEndpointContainer#7-2] INFO  o.s.a.r.l.SimpleMessageListenerContainer - Successfully waited for workers to finish.

2024-04-02 11:35:23.205 [org.springframework.amqp.rabbit.RabbitListenerEndpointContainer#2-2] INFO  o.s.a.r.l.SimpleMessageListenerContainer - Successfully waited for workers to finish.

2024-04-02 11:35:23.205 [org.springframework.amqp.rabbit.RabbitListenerEndpointContainer#3-2] INFO  o.s.a.r.l.SimpleMessageListenerContainer - Successfully waited for workers to finish.

2024-04-02 11:35:23.205 [org.springframework.amqp.rabbit.RabbitListenerEndpointContainer#6-2] INFO  o.s.a.r.l.SimpleMessageListenerContainer - Successfully waited for workers to finish.

2024-04-02 11:35:23.204 [org.springframework.amqp.rabbit.RabbitListenerEndpointContainer#8-2] INFO  o.s.a.r.l.SimpleMessageListenerContainer - Successfully waited for workers to finish.

2024-04-02 11:35:23.204 [org.springframework.amqp.rabbit.RabbitListenerEndpointContainer#0-2] INFO  o.s.a.r.l.SimpleMessageListenerContainer - Successfully waited for workers to finish.

2024-04-02 11:35:23.204 [org.springframework.amqp.rabbit.RabbitListenerEndpointContainer#1-2] INFO  o.s.a.r.l.SimpleMessageListenerContainer - Successfully waited for workers to finish.

2024-04-02 11:35:23.204 [org.springframework.amqp.rabbit.RabbitListenerEndpointContainer#9-2] INFO  o.s.a.r.l.SimpleMessageListenerContainer - Successfully waited for workers to finish.

2024-04-02 11:35:23.368 [org.springframework.amqp.rabbit.RabbitListenerEndpointContainer#5-2] INFO  o.s.a.r.l.SimpleMessageListenerContainer - Successfully waited for workers to finish.

2024-04-02 11:35:23.402 [SpringApplicationShutdownHook] INFO  o.s.o.j.LocalContainerEntityManagerFactoryBean - Closing JPA EntityManagerFactory for persistence unit 'default'

2024-04-02 11:35:23.418 [SpringApplicationShutdownHook] INFO  com.zaxxer.hikari.HikariDataSource - HikariPool-1 - Shutdown initiated...

2024-04-02 11:35:23.423 [SpringApplicationShutdownHook] INFO  com.zaxxer.hikari.HikariDataSource - HikariPool-1 - Shutdown completed.

