2024-03-04 10:01:53.611 [background-preinit] INFO  o.h.validator.internal.util.Version - HV000001: Hibernate Validator 8.0.1.Final

2024-03-04 10:01:53.716 [main] INFO  com.example.demo.DemoApplication - Starting DemoApplication using Java 21.0.2 with PID 8780 (D:\TestExploraRosa\target\classes started by Julius in D:\TestExploraRosa)

2024-03-04 10:01:53.717 [main] INFO  com.example.demo.DemoApplication - No active profile set, falling back to 1 default profile: "default"

2024-03-04 10:01:55.374 [main] INFO  o.s.d.r.c.RepositoryConfigurationDelegate - Multiple Spring Data modules found, entering strict repository configuration mode

2024-03-04 10:01:55.382 [main] INFO  o.s.d.r.c.RepositoryConfigurationDelegate - Bootstrapping Spring Data JDBC repositories in DEFAULT mode.

2024-03-04 10:01:55.516 [main] INFO  o.s.d.r.c.RepositoryConfigurationExtensionSupport - Spring Data JDBC - Could not safely identify store assignment for repository candidate interface com.example.demo.chatroom.ChatRoomRepository; If you want this repository to be a JDBC repository, consider annotating your entities with one of these annotations: org.springframework.data.relational.core.mapping.Table.

2024-03-04 10:01:55.518 [main] INFO  o.s.d.r.c.RepositoryConfigurationExtensionSupport - Spring Data JDBC - Could not safely identify store assignment for repository candidate interface com.example.demo.chat.ChatMessageRespository; If you want this repository to be a JDBC repository, consider annotating your entities with one of these annotations: org.springframework.data.relational.core.mapping.Table.

2024-03-04 10:01:55.523 [main] INFO  o.s.d.r.c.RepositoryConfigurationExtensionSupport - Spring Data JDBC - Could not safely identify store assignment for repository candidate interface com.example.demo.Repositories.AccountTypeRepository; If you want this repository to be a JDBC repository, consider annotating your entities with one of these annotations: org.springframework.data.relational.core.mapping.Table.

2024-03-04 10:01:55.537 [main] INFO  o.s.d.r.c.RepositoryConfigurationExtensionSupport - Spring Data JDBC - Could not safely identify store assignment for repository candidate interface com.example.demo.Repositories.BrandRepository; If you want this repository to be a JDBC repository, consider annotating your entities with one of these annotations: org.springframework.data.relational.core.mapping.Table.

2024-03-04 10:01:55.539 [main] INFO  o.s.d.r.c.RepositoryConfigurationExtensionSupport - Spring Data JDBC - Could not safely identify store assignment for repository candidate interface com.example.demo.Repositories.BusinessCategoryRepository; If you want this repository to be a JDBC repository, consider annotating your entities with one of these annotations: org.springframework.data.relational.core.mapping.Table.

2024-03-04 10:01:55.545 [main] INFO  o.s.d.r.c.RepositoryConfigurationExtensionSupport - Spring Data JDBC - Could not safely identify store assignment for repository candidate interface com.example.demo.Repositories.CityRepository; If you want this repository to be a JDBC repository, consider annotating your entities with one of these annotations: org.springframework.data.relational.core.mapping.Table.

2024-03-04 10:01:55.547 [main] INFO  o.s.d.r.c.RepositoryConfigurationExtensionSupport - Spring Data JDBC - Could not safely identify store assignment for repository candidate interface com.example.demo.Repositories.CountryRepository; If you want this repository to be a JDBC repository, consider annotating your entities with one of these annotations: org.springframework.data.relational.core.mapping.Table.

2024-03-04 10:01:55.550 [main] INFO  o.s.d.r.c.RepositoryConfigurationExtensionSupport - Spring Data JDBC - Could not safely identify store assignment for repository candidate interface com.example.demo.Repositories.PasswordResetRepository; If you want this repository to be a JDBC repository, consider annotating your entities with one of these annotations: org.springframework.data.relational.core.mapping.Table.

2024-03-04 10:01:55.554 [main] INFO  o.s.d.r.c.RepositoryConfigurationExtensionSupport - Spring Data JDBC - Could not safely identify store assignment for repository candidate interface com.example.demo.Repositories.ProfileRepository; If you want this repository to be a JDBC repository, consider annotating your entities with one of these annotations: org.springframework.data.relational.core.mapping.Table.

2024-03-04 10:01:55.556 [main] INFO  o.s.d.r.c.RepositoryConfigurationExtensionSupport - Spring Data JDBC - Could not safely identify store assignment for repository candidate interface com.example.demo.Repositories.TitleRepository; If you want this repository to be a JDBC repository, consider annotating your entities with one of these annotations: org.springframework.data.relational.core.mapping.Table.

2024-03-04 10:01:55.594 [main] INFO  o.s.d.r.c.RepositoryConfigurationExtensionSupport - Spring Data JDBC - Could not safely identify store assignment for repository candidate interface com.example.demo.Repositories.UploadDataRepository; If you want this repository to be a JDBC repository, consider annotating your entities with one of these annotations: org.springframework.data.relational.core.mapping.Table.

2024-03-04 10:01:55.599 [main] INFO  o.s.d.r.c.RepositoryConfigurationExtensionSupport - Spring Data JDBC - Could not safely identify store assignment for repository candidate interface com.example.demo.Repositories.UserRepository; If you want this repository to be a JDBC repository, consider annotating your entities with one of these annotations: org.springframework.data.relational.core.mapping.Table.

2024-03-04 10:01:55.604 [main] INFO  o.s.d.r.c.RepositoryConfigurationExtensionSupport - Spring Data JDBC - Could not safely identify store assignment for repository candidate interface com.example.demo.Repositories.VerificationUploadRepository; If you want this repository to be a JDBC repository, consider annotating your entities with one of these annotations: org.springframework.data.relational.core.mapping.Table.

2024-03-04 10:01:55.608 [main] INFO  o.s.d.r.c.RepositoryConfigurationExtensionSupport - Spring Data JDBC - Could not safely identify store assignment for repository candidate interface com.example.demo.user.UserRepository2; If you want this repository to be a JDBC repository, consider annotating your entities with one of these annotations: org.springframework.data.relational.core.mapping.Table.

2024-03-04 10:01:55.610 [main] INFO  o.s.d.r.c.RepositoryConfigurationDelegate - Finished Spring Data repository scanning in 217 ms. Found 0 JDBC repository interfaces.

2024-03-04 10:01:55.655 [main] INFO  o.s.d.r.c.RepositoryConfigurationDelegate - Multiple Spring Data modules found, entering strict repository configuration mode

2024-03-04 10:01:55.658 [main] INFO  o.s.d.r.c.RepositoryConfigurationDelegate - Bootstrapping Spring Data JPA repositories in DEFAULT mode.

2024-03-04 10:01:56.224 [main] INFO  o.s.d.r.c.RepositoryConfigurationDelegate - Finished Spring Data repository scanning in 557 ms. Found 14 JPA repository interfaces.

2024-03-04 10:01:57.255 [main] INFO  o.s.b.w.e.tomcat.TomcatWebServer - Tomcat initialized with port 8080 (http)

2024-03-04 10:01:57.271 [main] INFO  o.a.coyote.http11.Http11NioProtocol - Initializing ProtocolHandler ["http-nio-192.168.1.46-8080"]

2024-03-04 10:01:57.281 [main] INFO  o.a.catalina.core.StandardService - Starting service [Tomcat]

2024-03-04 10:01:57.282 [main] INFO  o.a.catalina.core.StandardEngine - Starting Servlet engine: [Apache Tomcat/10.1.18]

2024-03-04 10:01:57.398 [main] INFO  o.a.c.c.C.[Tomcat].[localhost].[/] - Initializing Spring embedded WebApplicationContext

2024-03-04 10:01:57.399 [main] INFO  o.s.b.w.s.c.ServletWebServerApplicationContext - Root WebApplicationContext: initialization completed in 3609 ms

2024-03-04 10:01:57.677 [main] INFO  o.h.jpa.internal.util.LogHelper - HHH000204: Processing PersistenceUnitInfo [name: default]

2024-03-04 10:01:57.748 [main] INFO  org.hibernate.Version - HHH000412: Hibernate ORM core version 6.4.1.Final

2024-03-04 10:01:57.804 [main] INFO  o.h.c.i.RegionFactoryInitiator - HHH000026: Second-level cache disabled

2024-03-04 10:01:58.466 [main] INFO  o.s.o.j.p.SpringPersistenceUnitInfo - No LoadTimeWeaver setup: ignoring JPA class transformer

2024-03-04 10:01:58.518 [main] INFO  com.zaxxer.hikari.HikariDataSource - HikariPool-1 - Starting...

2024-03-04 10:01:58.903 [main] INFO  com.zaxxer.hikari.pool.HikariPool - HikariPool-1 - Added connection com.mysql.cj.jdbc.ConnectionImpl@7aa3857b

2024-03-04 10:01:58.905 [main] INFO  com.zaxxer.hikari.HikariDataSource - HikariPool-1 - Start completed.

2024-03-04 10:01:58.946 [main] WARN  org.hibernate.orm.deprecation - HHH90000025: MySQL8Dialect does not need to be specified explicitly using 'hibernate.dialect' (remove the property setting and it will be selected by default)

2024-03-04 10:01:58.948 [main] WARN  org.hibernate.orm.deprecation - HHH90000026: MySQL8Dialect has been deprecated; use org.hibernate.dialect.MySQLDialect instead

2024-03-04 10:02:01.514 [main] INFO  o.h.e.t.j.p.i.JtaPlatformInitiator - HHH000489: No JTA platform available (set 'hibernate.transaction.jta.platform' to enable JTA platform integration)

2024-03-04 10:02:03.980 [main] INFO  o.s.o.j.LocalContainerEntityManagerFactoryBean - Initialized JPA EntityManagerFactory for persistence unit 'default'

2024-03-04 10:02:05.872 [main] WARN  o.s.b.a.o.j.JpaBaseConfiguration$JpaWebConfiguration - spring.jpa.open-in-view is enabled by default. Therefore, database queries may be performed during view rendering. Explicitly configure spring.jpa.open-in-view to disable this warning

2024-03-04 10:02:06.180 [main] INFO  o.s.b.a.w.s.WelcomePageHandlerMapping - Adding welcome page: class path resource [static/index.html]

2024-03-04 10:02:06.338 [main] INFO  o.s.s.web.DefaultSecurityFilterChain - Will secure any request with [org.springframework.security.web.session.DisableEncodeUrlFilter@72cf159f, org.springframework.security.web.context.request.async.WebAsyncManagerIntegrationFilter@54af9cce, org.springframework.security.web.context.SecurityContextHolderFilter@504a9352, org.springframework.security.web.header.HeaderWriterFilter@3577e37c, org.springframework.web.filter.CorsFilter@683218c8, org.springframework.security.web.authentication.logout.LogoutFilter@581f1f40, com.example.demo.Config.JwtAuthenticationFilter@5cdf61d, org.springframework.security.web.savedrequest.RequestCacheAwareFilter@74997ca6, org.springframework.security.web.servletapi.SecurityContextHolderAwareRequestFilter@7a6078d, org.springframework.security.web.authentication.AnonymousAuthenticationFilter@3eb6d7a9, org.springframework.security.web.session.SessionManagementFilter@64ef9b9a, org.springframework.security.web.access.ExceptionTranslationFilter@735d7b99, org.springframework.security.web.access.intercept.AuthorizationFilter@7e584f3c]

2024-03-04 10:02:07.182 [main] INFO  o.a.coyote.http11.Http11NioProtocol - Starting ProtocolHandler ["http-nio-192.168.1.46-8080"]

2024-03-04 10:02:07.212 [main] INFO  o.s.b.w.e.tomcat.TomcatWebServer - Tomcat started on port 8080 (http) with context path ''

2024-03-04 10:02:07.214 [main] INFO  o.s.m.s.b.SimpleBrokerMessageHandler - Starting...

2024-03-04 10:02:07.216 [main] INFO  o.s.m.s.b.SimpleBrokerMessageHandler - BrokerAvailabilityEvent[available=true, SimpleBrokerMessageHandler [org.springframework.messaging.simp.broker.DefaultSubscriptionRegistry@43076326]]

2024-03-04 10:02:07.216 [main] INFO  o.s.m.s.b.SimpleBrokerMessageHandler - Started.

2024-03-04 10:02:07.226 [main] INFO  com.example.demo.DemoApplication - Started DemoApplication in 14.328 seconds (process running for 15.504)

2024-03-04 10:03:07.200 [MessageBroker-1] INFO  o.s.w.s.c.WebSocketMessageBrokerStats - WebSocketSession[0 current WS(0)-HttpStream(0)-HttpPoll(0), 0 total, 0 closed abnormally (0 connect failure, 0 send limit, 0 transport error)], stompSubProtocol[processed CONNECT(0)-CONNECTED(0)-DISCONNECT(0)], stompBrokerRelay[null], inboundChannel[pool size = 0, active threads = 0, queued tasks = 0, completed tasks = 0], outboundChannel[pool size = 0, active threads = 0, queued tasks = 0, completed tasks = 0], sockJsScheduler[pool size = 1, active threads = 1, queued tasks = 0, completed tasks = 0]

2024-03-04 10:03:17.439 [http-nio-192.168.1.46-8080-exec-2] INFO  o.a.c.c.C.[Tomcat].[localhost].[/] - Initializing Spring DispatcherServlet 'dispatcherServlet'

2024-03-04 10:03:17.439 [http-nio-192.168.1.46-8080-exec-2] INFO  o.s.web.servlet.DispatcherServlet - Initializing Servlet 'dispatcherServlet'

2024-03-04 10:03:17.445 [http-nio-192.168.1.46-8080-exec-2] INFO  o.s.web.servlet.DispatcherServlet - Completed initialization in 6 ms

2024-03-04 10:03:34.333 [clientInboundChannel-3] ERROR o.s.w.s.m.WebSocketAnnotationMethodMessageHandler - Unhandled exception from message handler method

org.springframework.messaging.MessageDeliveryException: Failed to handle GenericMessage [payload=byte[59], headers={simpMessageType=MESSAGE, conversionHint=method 'addUser' parameter -1, contentType=application/json, simpSessionId=3yhxx4z3, simpDestination=/user/public}] to org.springframework.messaging.support.ExecutorSubscribableChannel$SendTask@261c31fc in UserDestinationMessageHandler[DefaultUserDestinationResolver[prefix=/user/]]
	at org.springframework.messaging.support.ExecutorSubscribableChannel$SendTask.run(ExecutorSubscribableChannel.java:153)
	at org.springframework.messaging.support.ExecutorSubscribableChannel.sendInternal(ExecutorSubscribableChannel.java:100)
	at org.springframework.messaging.support.AbstractMessageChannel.send(AbstractMessageChannel.java:139)
	at org.springframework.messaging.support.AbstractMessageChannel.send(AbstractMessageChannel.java:125)
	at org.springframework.messaging.simp.SimpMessagingTemplate.sendInternal(SimpMessagingTemplate.java:186)
	at org.springframework.messaging.simp.SimpMessagingTemplate.doSend(SimpMessagingTemplate.java:161)
	at org.springframework.messaging.simp.SimpMessagingTemplate.doSend(SimpMessagingTemplate.java:47)
	at org.springframework.messaging.core.AbstractMessageSendingTemplate.send(AbstractMessageSendingTemplate.java:109)
	at org.springframework.messaging.core.AbstractMessageSendingTemplate.convertAndSend(AbstractMessageSendingTemplate.java:151)
	at org.springframework.messaging.core.AbstractMessageSendingTemplate.convertAndSend(AbstractMessageSendingTemplate.java:129)
	at org.springframework.messaging.simp.annotation.support.SendToMethodReturnValueHandler.handleReturnValue(SendToMethodReturnValueHandler.java:189)
	at org.springframework.messaging.handler.invocation.HandlerMethodReturnValueHandlerComposite.handleReturnValue(HandlerMethodReturnValueHandlerComposite.java:126)
	at org.springframework.messaging.handler.invocation.AbstractMethodMessageHandler.handleMatch(AbstractMethodMessageHandler.java:579)
	at org.springframework.messaging.simp.annotation.support.SimpAnnotationMethodMessageHandler.handleMatch(SimpAnnotationMethodMessageHandler.java:511)
	at org.springframework.messaging.simp.annotation.support.SimpAnnotationMethodMessageHandler.handleMatch(SimpAnnotationMethodMessageHandler.java:93)
	at org.springframework.messaging.handler.invocation.AbstractMethodMessageHandler.handleMessageInternal(AbstractMethodMessageHandler.java:522)
	at org.springframework.messaging.handler.invocation.AbstractMethodMessageHandler.handleMessage(AbstractMethodMessageHandler.java:457)
	at org.springframework.messaging.support.ExecutorSubscribableChannel$SendTask.run(ExecutorSubscribableChannel.java:144)
	at java.base/java.util.concurrent.ThreadPoolExecutor.runWorker(ThreadPoolExecutor.java:1144)
	at java.base/java.util.concurrent.ThreadPoolExecutor$Worker.run(ThreadPoolExecutor.java:642)
	at java.base/java.lang.Thread.run(Thread.java:1583)
Caused by: java.lang.IllegalArgumentException: Expected destination pattern "/user/{userId}/**"
	at org.springframework.util.Assert.isTrue(Assert.java:111)
	at org.springframework.messaging.simp.user.DefaultUserDestinationResolver.parseMessage(DefaultUserDestinationResolver.java:188)
	at org.springframework.messaging.simp.user.DefaultUserDestinationResolver.parse(DefaultUserDestinationResolver.java:158)
	at org.springframework.messaging.simp.user.DefaultUserDestinationResolver.resolveDestination(DefaultUserDestinationResolver.java:128)
	at org.springframework.messaging.simp.user.UserDestinationMessageHandler.handleMessage(UserDestinationMessageHandler.java:200)
	at org.springframework.messaging.support.ExecutorSubscribableChannel$SendTask.run(ExecutorSubscribableChannel.java:144)
	... 20 common frames omitted
2024-03-04 10:03:46.244 [clientInboundChannel-1] ERROR o.s.w.s.m.WebSocketAnnotationMethodMessageHandler - Unhandled exception from message handler method

org.springframework.messaging.MessageDeliveryException: Failed to handle GenericMessage [payload=byte[57], headers={simpMessageType=MESSAGE, conversionHint=method 'addUser' parameter -1, contentType=application/json, simpSessionId=abzg3lb4, simpDestination=/user/public}] to org.springframework.messaging.support.ExecutorSubscribableChannel$SendTask@4110501 in UserDestinationMessageHandler[DefaultUserDestinationResolver[prefix=/user/]]
	at org.springframework.messaging.support.ExecutorSubscribableChannel$SendTask.run(ExecutorSubscribableChannel.java:153)
	at org.springframework.messaging.support.ExecutorSubscribableChannel.sendInternal(ExecutorSubscribableChannel.java:100)
	at org.springframework.messaging.support.AbstractMessageChannel.send(AbstractMessageChannel.java:139)
	at org.springframework.messaging.support.AbstractMessageChannel.send(AbstractMessageChannel.java:125)
	at org.springframework.messaging.simp.SimpMessagingTemplate.sendInternal(SimpMessagingTemplate.java:186)
	at org.springframework.messaging.simp.SimpMessagingTemplate.doSend(SimpMessagingTemplate.java:161)
	at org.springframework.messaging.simp.SimpMessagingTemplate.doSend(SimpMessagingTemplate.java:47)
	at org.springframework.messaging.core.AbstractMessageSendingTemplate.send(AbstractMessageSendingTemplate.java:109)
	at org.springframework.messaging.core.AbstractMessageSendingTemplate.convertAndSend(AbstractMessageSendingTemplate.java:151)
	at org.springframework.messaging.core.AbstractMessageSendingTemplate.convertAndSend(AbstractMessageSendingTemplate.java:129)
	at org.springframework.messaging.simp.annotation.support.SendToMethodReturnValueHandler.handleReturnValue(SendToMethodReturnValueHandler.java:189)
	at org.springframework.messaging.handler.invocation.HandlerMethodReturnValueHandlerComposite.handleReturnValue(HandlerMethodReturnValueHandlerComposite.java:126)
	at org.springframework.messaging.handler.invocation.AbstractMethodMessageHandler.handleMatch(AbstractMethodMessageHandler.java:579)
	at org.springframework.messaging.simp.annotation.support.SimpAnnotationMethodMessageHandler.handleMatch(SimpAnnotationMethodMessageHandler.java:511)
	at org.springframework.messaging.simp.annotation.support.SimpAnnotationMethodMessageHandler.handleMatch(SimpAnnotationMethodMessageHandler.java:93)
	at org.springframework.messaging.handler.invocation.AbstractMethodMessageHandler.handleMessageInternal(AbstractMethodMessageHandler.java:522)
	at org.springframework.messaging.handler.invocation.AbstractMethodMessageHandler.handleMessage(AbstractMethodMessageHandler.java:457)
	at org.springframework.messaging.support.ExecutorSubscribableChannel$SendTask.run(ExecutorSubscribableChannel.java:144)
	at java.base/java.util.concurrent.ThreadPoolExecutor.runWorker(ThreadPoolExecutor.java:1144)
	at java.base/java.util.concurrent.ThreadPoolExecutor$Worker.run(ThreadPoolExecutor.java:642)
	at java.base/java.lang.Thread.run(Thread.java:1583)
Caused by: java.lang.IllegalArgumentException: Expected destination pattern "/user/{userId}/**"
	at org.springframework.util.Assert.isTrue(Assert.java:111)
	at org.springframework.messaging.simp.user.DefaultUserDestinationResolver.parseMessage(DefaultUserDestinationResolver.java:188)
	at org.springframework.messaging.simp.user.DefaultUserDestinationResolver.parse(DefaultUserDestinationResolver.java:158)
	at org.springframework.messaging.simp.user.DefaultUserDestinationResolver.resolveDestination(DefaultUserDestinationResolver.java:128)
	at org.springframework.messaging.simp.user.UserDestinationMessageHandler.handleMessage(UserDestinationMessageHandler.java:200)
	at org.springframework.messaging.support.ExecutorSubscribableChannel$SendTask.run(ExecutorSubscribableChannel.java:144)
	... 20 common frames omitted
2024-03-04 10:07:12.531 [clientInboundChannel-13] ERROR o.s.w.s.m.WebSocketAnnotationMethodMessageHandler - Unhandled exception from message handler method

org.springframework.messaging.MessageDeliveryException: Failed to handle GenericMessage [payload=byte[57], headers={simpMessageType=MESSAGE, conversionHint=method 'addUser' parameter -1, contentType=application/json, simpSessionId=xcz5adkl, simpDestination=/user/public}] to org.springframework.messaging.support.ExecutorSubscribableChannel$SendTask@533fdbce in UserDestinationMessageHandler[DefaultUserDestinationResolver[prefix=/user/]]
	at org.springframework.messaging.support.ExecutorSubscribableChannel$SendTask.run(ExecutorSubscribableChannel.java:153)
	at org.springframework.messaging.support.ExecutorSubscribableChannel.sendInternal(ExecutorSubscribableChannel.java:100)
	at org.springframework.messaging.support.AbstractMessageChannel.send(AbstractMessageChannel.java:139)
	at org.springframework.messaging.support.AbstractMessageChannel.send(AbstractMessageChannel.java:125)
	at org.springframework.messaging.simp.SimpMessagingTemplate.sendInternal(SimpMessagingTemplate.java:186)
	at org.springframework.messaging.simp.SimpMessagingTemplate.doSend(SimpMessagingTemplate.java:161)
	at org.springframework.messaging.simp.SimpMessagingTemplate.doSend(SimpMessagingTemplate.java:47)
	at org.springframework.messaging.core.AbstractMessageSendingTemplate.send(AbstractMessageSendingTemplate.java:109)
	at org.springframework.messaging.core.AbstractMessageSendingTemplate.convertAndSend(AbstractMessageSendingTemplate.java:151)
	at org.springframework.messaging.core.AbstractMessageSendingTemplate.convertAndSend(AbstractMessageSendingTemplate.java:129)
	at org.springframework.messaging.simp.annotation.support.SendToMethodReturnValueHandler.handleReturnValue(SendToMethodReturnValueHandler.java:189)
	at org.springframework.messaging.handler.invocation.HandlerMethodReturnValueHandlerComposite.handleReturnValue(HandlerMethodReturnValueHandlerComposite.java:126)
	at org.springframework.messaging.handler.invocation.AbstractMethodMessageHandler.handleMatch(AbstractMethodMessageHandler.java:579)
	at org.springframework.messaging.simp.annotation.support.SimpAnnotationMethodMessageHandler.handleMatch(SimpAnnotationMethodMessageHandler.java:511)
	at org.springframework.messaging.simp.annotation.support.SimpAnnotationMethodMessageHandler.handleMatch(SimpAnnotationMethodMessageHandler.java:93)
	at org.springframework.messaging.handler.invocation.AbstractMethodMessageHandler.handleMessageInternal(AbstractMethodMessageHandler.java:522)
	at org.springframework.messaging.handler.invocation.AbstractMethodMessageHandler.handleMessage(AbstractMethodMessageHandler.java:457)
	at org.springframework.messaging.support.ExecutorSubscribableChannel$SendTask.run(ExecutorSubscribableChannel.java:144)
	at java.base/java.util.concurrent.ThreadPoolExecutor.runWorker(ThreadPoolExecutor.java:1144)
	at java.base/java.util.concurrent.ThreadPoolExecutor$Worker.run(ThreadPoolExecutor.java:642)
	at java.base/java.lang.Thread.run(Thread.java:1583)
Caused by: java.lang.IllegalArgumentException: Expected destination pattern "/user/{userId}/**"
	at org.springframework.util.Assert.isTrue(Assert.java:111)
	at org.springframework.messaging.simp.user.DefaultUserDestinationResolver.parseMessage(DefaultUserDestinationResolver.java:188)
	at org.springframework.messaging.simp.user.DefaultUserDestinationResolver.parse(DefaultUserDestinationResolver.java:158)
	at org.springframework.messaging.simp.user.DefaultUserDestinationResolver.resolveDestination(DefaultUserDestinationResolver.java:128)
	at org.springframework.messaging.simp.user.UserDestinationMessageHandler.handleMessage(UserDestinationMessageHandler.java:200)
	at org.springframework.messaging.support.ExecutorSubscribableChannel$SendTask.run(ExecutorSubscribableChannel.java:144)
	... 20 common frames omitted
2024-03-04 10:08:57.820 [SpringApplicationShutdownHook] WARN  o.s.w.s.h.ExceptionWebSocketHandlerDecorator - Unhandled exception after connection closed for ExceptionWebSocketHandlerDecorator [delegate=LoggingWebSocketHandlerDecorator [delegate=SubProtocolWebSocketHandler[StompSubProtocolHandler[v10.stomp, v11.stomp, v12.stomp]]]]

org.springframework.messaging.MessageDeliveryException: Failed to send message to ExecutorSubscribableChannel[clientInboundChannel]
	at org.springframework.messaging.support.AbstractMessageChannel.send(AbstractMessageChannel.java:149)
	at org.springframework.messaging.support.AbstractMessageChannel.send(AbstractMessageChannel.java:125)
	at org.springframework.web.socket.messaging.StompSubProtocolHandler.afterSessionEnded(StompSubProtocolHandler.java:685)
	at org.springframework.web.socket.messaging.SubProtocolWebSocketHandler.clearSession(SubProtocolWebSocketHandler.java:531)
	at org.springframework.web.socket.messaging.SubProtocolWebSocketHandler.afterConnectionClosed(SubProtocolWebSocketHandler.java:400)
	at org.springframework.web.socket.handler.WebSocketHandlerDecorator.afterConnectionClosed(WebSocketHandlerDecorator.java:85)
	at org.springframework.web.socket.handler.LoggingWebSocketHandlerDecorator.afterConnectionClosed(LoggingWebSocketHandlerDecorator.java:72)
	at org.springframework.web.socket.handler.ExceptionWebSocketHandlerDecorator.afterConnectionClosed(ExceptionWebSocketHandlerDecorator.java:78)
	at org.springframework.web.socket.sockjs.transport.session.AbstractSockJsSession.close(AbstractSockJsSession.java:200)
	at org.springframework.web.socket.handler.WebSocketSessionDecorator.close(WebSocketSessionDecorator.java:160)
	at org.springframework.web.socket.handler.ConcurrentWebSocketSessionDecorator.close(ConcurrentWebSocketSessionDecorator.java:271)
	at org.springframework.web.socket.messaging.SubProtocolWebSocketHandler.stop(SubProtocolWebSocketHandler.java:289)
	at org.springframework.web.socket.messaging.SubProtocolWebSocketHandler.stop(SubProtocolWebSocketHandler.java:302)
	at org.springframework.context.support.DefaultLifecycleProcessor.doStop(DefaultLifecycleProcessor.java:344)
	at org.springframework.context.support.DefaultLifecycleProcessor$LifecycleGroup.stop(DefaultLifecycleProcessor.java:483)
	at java.base/java.lang.Iterable.forEach(Iterable.java:75)
	at org.springframework.context.support.DefaultLifecycleProcessor.stopBeans(DefaultLifecycleProcessor.java:313)
	at org.springframework.context.support.DefaultLifecycleProcessor.onClose(DefaultLifecycleProcessor.java:214)
	at org.springframework.context.support.AbstractApplicationContext.doClose(AbstractApplicationContext.java:1136)
	at org.springframework.boot.web.servlet.context.ServletWebServerApplicationContext.doClose(ServletWebServerApplicationContext.java:174)
	at org.springframework.context.support.AbstractApplicationContext.close(AbstractApplicationContext.java:1090)
	at org.springframework.boot.SpringApplicationShutdownHook.closeAndWait(SpringApplicationShutdownHook.java:145)
	at java.base/java.lang.Iterable.forEach(Iterable.java:75)
	at org.springframework.boot.SpringApplicationShutdownHook.run(SpringApplicationShutdownHook.java:114)
	at java.base/java.lang.Thread.run(Thread.java:1583)
Caused by: org.springframework.core.task.TaskRejectedException: ExecutorService in shutdown state did not accept task: org.springframework.messaging.support.ExecutorSubscribableChannel$SendTask@57f62d03
	at org.springframework.scheduling.concurrent.ThreadPoolTaskExecutor.execute(ThreadPoolTaskExecutor.java:365)
	at org.springframework.messaging.support.ExecutorSubscribableChannel.sendInternal(ExecutorSubscribableChannel.java:103)
	at org.springframework.messaging.support.AbstractMessageChannel.send(AbstractMessageChannel.java:139)
	... 24 common frames omitted
Caused by: java.util.concurrent.RejectedExecutionException: Task org.springframework.messaging.support.ExecutorSubscribableChannel$SendTask@57f62d03 rejected from org.springframework.scheduling.concurrent.ThreadPoolTaskExecutor$1@1db7a4ae[Terminated, pool size = 0, active threads = 0, queued tasks = 0, completed tasks = 51]
	at java.base/java.util.concurrent.ThreadPoolExecutor$AbortPolicy.rejectedExecution(ThreadPoolExecutor.java:2081)
	at java.base/java.util.concurrent.ThreadPoolExecutor.reject(ThreadPoolExecutor.java:841)
	at java.base/java.util.concurrent.ThreadPoolExecutor.execute(ThreadPoolExecutor.java:1376)
	at org.springframework.scheduling.concurrent.ThreadPoolTaskExecutor$1.execute(ThreadPoolTaskExecutor.java:269)
	at org.springframework.scheduling.concurrent.ThreadPoolTaskExecutor.execute(ThreadPoolTaskExecutor.java:362)
	... 26 common frames omitted
2024-03-04 10:08:57.823 [SpringApplicationShutdownHook] WARN  o.s.w.s.h.ExceptionWebSocketHandlerDecorator - Unhandled exception after connection closed for ExceptionWebSocketHandlerDecorator [delegate=LoggingWebSocketHandlerDecorator [delegate=SubProtocolWebSocketHandler[StompSubProtocolHandler[v10.stomp, v11.stomp, v12.stomp]]]]

org.springframework.messaging.MessageDeliveryException: Failed to send message to ExecutorSubscribableChannel[clientInboundChannel]
	at org.springframework.messaging.support.AbstractMessageChannel.send(AbstractMessageChannel.java:149)
	at org.springframework.messaging.support.AbstractMessageChannel.send(AbstractMessageChannel.java:125)
	at org.springframework.web.socket.messaging.StompSubProtocolHandler.afterSessionEnded(StompSubProtocolHandler.java:685)
	at org.springframework.web.socket.messaging.SubProtocolWebSocketHandler.clearSession(SubProtocolWebSocketHandler.java:531)
	at org.springframework.web.socket.messaging.SubProtocolWebSocketHandler.afterConnectionClosed(SubProtocolWebSocketHandler.java:400)
	at org.springframework.web.socket.handler.WebSocketHandlerDecorator.afterConnectionClosed(WebSocketHandlerDecorator.java:85)
	at org.springframework.web.socket.handler.LoggingWebSocketHandlerDecorator.afterConnectionClosed(LoggingWebSocketHandlerDecorator.java:72)
	at org.springframework.web.socket.handler.ExceptionWebSocketHandlerDecorator.afterConnectionClosed(ExceptionWebSocketHandlerDecorator.java:78)
	at org.springframework.web.socket.sockjs.transport.session.AbstractSockJsSession.close(AbstractSockJsSession.java:200)
	at org.springframework.web.socket.handler.WebSocketSessionDecorator.close(WebSocketSessionDecorator.java:160)
	at org.springframework.web.socket.handler.ConcurrentWebSocketSessionDecorator.close(ConcurrentWebSocketSessionDecorator.java:271)
	at org.springframework.web.socket.messaging.SubProtocolWebSocketHandler.stop(SubProtocolWebSocketHandler.java:289)
	at org.springframework.web.socket.messaging.SubProtocolWebSocketHandler.stop(SubProtocolWebSocketHandler.java:302)
	at org.springframework.context.support.DefaultLifecycleProcessor.doStop(DefaultLifecycleProcessor.java:344)
	at org.springframework.context.support.DefaultLifecycleProcessor$LifecycleGroup.stop(DefaultLifecycleProcessor.java:483)
	at java.base/java.lang.Iterable.forEach(Iterable.java:75)
	at org.springframework.context.support.DefaultLifecycleProcessor.stopBeans(DefaultLifecycleProcessor.java:313)
	at org.springframework.context.support.DefaultLifecycleProcessor.onClose(DefaultLifecycleProcessor.java:214)
	at org.springframework.context.support.AbstractApplicationContext.doClose(AbstractApplicationContext.java:1136)
	at org.springframework.boot.web.servlet.context.ServletWebServerApplicationContext.doClose(ServletWebServerApplicationContext.java:174)
	at org.springframework.context.support.AbstractApplicationContext.close(AbstractApplicationContext.java:1090)
	at org.springframework.boot.SpringApplicationShutdownHook.closeAndWait(SpringApplicationShutdownHook.java:145)
	at java.base/java.lang.Iterable.forEach(Iterable.java:75)
	at org.springframework.boot.SpringApplicationShutdownHook.run(SpringApplicationShutdownHook.java:114)
	at java.base/java.lang.Thread.run(Thread.java:1583)
Caused by: org.springframework.core.task.TaskRejectedException: ExecutorService in shutdown state did not accept task: org.springframework.messaging.support.ExecutorSubscribableChannel$SendTask@73673a83
	at org.springframework.scheduling.concurrent.ThreadPoolTaskExecutor.execute(ThreadPoolTaskExecutor.java:365)
	at org.springframework.messaging.support.ExecutorSubscribableChannel.sendInternal(ExecutorSubscribableChannel.java:103)
	at org.springframework.messaging.support.AbstractMessageChannel.send(AbstractMessageChannel.java:139)
	... 24 common frames omitted
Caused by: java.util.concurrent.RejectedExecutionException: Task org.springframework.messaging.support.ExecutorSubscribableChannel$SendTask@73673a83 rejected from org.springframework.scheduling.concurrent.ThreadPoolTaskExecutor$1@1db7a4ae[Terminated, pool size = 0, active threads = 0, queued tasks = 0, completed tasks = 51]
	at java.base/java.util.concurrent.ThreadPoolExecutor$AbortPolicy.rejectedExecution(ThreadPoolExecutor.java:2081)
	at java.base/java.util.concurrent.ThreadPoolExecutor.reject(ThreadPoolExecutor.java:841)
	at java.base/java.util.concurrent.ThreadPoolExecutor.execute(ThreadPoolExecutor.java:1376)
	at org.springframework.scheduling.concurrent.ThreadPoolTaskExecutor$1.execute(ThreadPoolTaskExecutor.java:269)
	at org.springframework.scheduling.concurrent.ThreadPoolTaskExecutor.execute(ThreadPoolTaskExecutor.java:362)
	... 26 common frames omitted
2024-03-04 10:08:57.825 [SpringApplicationShutdownHook] WARN  o.s.w.s.h.ExceptionWebSocketHandlerDecorator - Unhandled exception after connection closed for ExceptionWebSocketHandlerDecorator [delegate=LoggingWebSocketHandlerDecorator [delegate=SubProtocolWebSocketHandler[StompSubProtocolHandler[v10.stomp, v11.stomp, v12.stomp]]]]

org.springframework.messaging.MessageDeliveryException: Failed to send message to ExecutorSubscribableChannel[clientInboundChannel]
	at org.springframework.messaging.support.AbstractMessageChannel.send(AbstractMessageChannel.java:149)
	at org.springframework.messaging.support.AbstractMessageChannel.send(AbstractMessageChannel.java:125)
	at org.springframework.web.socket.messaging.StompSubProtocolHandler.afterSessionEnded(StompSubProtocolHandler.java:685)
	at org.springframework.web.socket.messaging.SubProtocolWebSocketHandler.clearSession(SubProtocolWebSocketHandler.java:531)
	at org.springframework.web.socket.messaging.SubProtocolWebSocketHandler.afterConnectionClosed(SubProtocolWebSocketHandler.java:400)
	at org.springframework.web.socket.handler.WebSocketHandlerDecorator.afterConnectionClosed(WebSocketHandlerDecorator.java:85)
	at org.springframework.web.socket.handler.LoggingWebSocketHandlerDecorator.afterConnectionClosed(LoggingWebSocketHandlerDecorator.java:72)
	at org.springframework.web.socket.handler.ExceptionWebSocketHandlerDecorator.afterConnectionClosed(ExceptionWebSocketHandlerDecorator.java:78)
	at org.springframework.web.socket.sockjs.transport.session.AbstractSockJsSession.close(AbstractSockJsSession.java:200)
	at org.springframework.web.socket.handler.WebSocketSessionDecorator.close(WebSocketSessionDecorator.java:160)
	at org.springframework.web.socket.handler.ConcurrentWebSocketSessionDecorator.close(ConcurrentWebSocketSessionDecorator.java:271)
	at org.springframework.web.socket.messaging.SubProtocolWebSocketHandler.stop(SubProtocolWebSocketHandler.java:289)
	at org.springframework.web.socket.messaging.SubProtocolWebSocketHandler.stop(SubProtocolWebSocketHandler.java:302)
	at org.springframework.context.support.DefaultLifecycleProcessor.doStop(DefaultLifecycleProcessor.java:344)
	at org.springframework.context.support.DefaultLifecycleProcessor$LifecycleGroup.stop(DefaultLifecycleProcessor.java:483)
	at java.base/java.lang.Iterable.forEach(Iterable.java:75)
	at org.springframework.context.support.DefaultLifecycleProcessor.stopBeans(DefaultLifecycleProcessor.java:313)
	at org.springframework.context.support.DefaultLifecycleProcessor.onClose(DefaultLifecycleProcessor.java:214)
	at org.springframework.context.support.AbstractApplicationContext.doClose(AbstractApplicationContext.java:1136)
	at org.springframework.boot.web.servlet.context.ServletWebServerApplicationContext.doClose(ServletWebServerApplicationContext.java:174)
	at org.springframework.context.support.AbstractApplicationContext.close(AbstractApplicationContext.java:1090)
	at org.springframework.boot.SpringApplicationShutdownHook.closeAndWait(SpringApplicationShutdownHook.java:145)
	at java.base/java.lang.Iterable.forEach(Iterable.java:75)
	at org.springframework.boot.SpringApplicationShutdownHook.run(SpringApplicationShutdownHook.java:114)
	at java.base/java.lang.Thread.run(Thread.java:1583)
Caused by: org.springframework.core.task.TaskRejectedException: ExecutorService in shutdown state did not accept task: org.springframework.messaging.support.ExecutorSubscribableChannel$SendTask@381b2459
	at org.springframework.scheduling.concurrent.ThreadPoolTaskExecutor.execute(ThreadPoolTaskExecutor.java:365)
	at org.springframework.messaging.support.ExecutorSubscribableChannel.sendInternal(ExecutorSubscribableChannel.java:103)
	at org.springframework.messaging.support.AbstractMessageChannel.send(AbstractMessageChannel.java:139)
	... 24 common frames omitted
Caused by: java.util.concurrent.RejectedExecutionException: Task org.springframework.messaging.support.ExecutorSubscribableChannel$SendTask@381b2459 rejected from org.springframework.scheduling.concurrent.ThreadPoolTaskExecutor$1@1db7a4ae[Terminated, pool size = 0, active threads = 0, queued tasks = 0, completed tasks = 51]
	at java.base/java.util.concurrent.ThreadPoolExecutor$AbortPolicy.rejectedExecution(ThreadPoolExecutor.java:2081)
	at java.base/java.util.concurrent.ThreadPoolExecutor.reject(ThreadPoolExecutor.java:841)
	at java.base/java.util.concurrent.ThreadPoolExecutor.execute(ThreadPoolExecutor.java:1376)
	at org.springframework.scheduling.concurrent.ThreadPoolTaskExecutor$1.execute(ThreadPoolTaskExecutor.java:269)
	at org.springframework.scheduling.concurrent.ThreadPoolTaskExecutor.execute(ThreadPoolTaskExecutor.java:362)
	... 26 common frames omitted
2024-03-04 10:08:57.826 [SpringApplicationShutdownHook] INFO  o.s.m.s.b.SimpleBrokerMessageHandler - Stopping...

2024-03-04 10:08:57.827 [SpringApplicationShutdownHook] INFO  o.s.m.s.b.SimpleBrokerMessageHandler - BrokerAvailabilityEvent[available=false, SimpleBrokerMessageHandler [org.springframework.messaging.simp.broker.DefaultSubscriptionRegistry@43076326]]

2024-03-04 10:08:57.827 [SpringApplicationShutdownHook] INFO  o.s.m.s.b.SimpleBrokerMessageHandler - Stopped.

2024-03-04 10:08:57.854 [SpringApplicationShutdownHook] INFO  o.s.o.j.LocalContainerEntityManagerFactoryBean - Closing JPA EntityManagerFactory for persistence unit 'default'

2024-03-04 10:08:57.857 [SpringApplicationShutdownHook] INFO  com.zaxxer.hikari.HikariDataSource - HikariPool-1 - Shutdown initiated...

2024-03-04 10:08:57.864 [SpringApplicationShutdownHook] INFO  com.zaxxer.hikari.HikariDataSource - HikariPool-1 - Shutdown completed.

