2024-03-02 13:24:06.483 [background-preinit] INFO  o.h.validator.internal.util.Version - HV000001: Hibernate Validator 8.0.1.Final

2024-03-02 13:24:06.543 [main] INFO  com.example.demo.DemoApplication - Starting DemoApplication using Java 21.0.2 with PID 872 (D:\TestExploraRosa\target\classes started by Julius in D:\TestExploraRosa)

2024-03-02 13:24:06.544 [main] INFO  com.example.demo.DemoApplication - No active profile set, falling back to 1 default profile: "default"

2024-03-02 13:24:07.776 [main] INFO  o.s.d.r.c.RepositoryConfigurationDelegate - Multiple Spring Data modules found, entering strict repository configuration mode

2024-03-02 13:24:07.776 [main] INFO  o.s.d.r.c.RepositoryConfigurationDelegate - Bootstrapping Spring Data JDBC repositories in DEFAULT mode.

2024-03-02 13:24:07.842 [main] INFO  o.s.d.r.c.RepositoryConfigurationExtensionSupport - Spring Data JDBC - Could not safely identify store assignment for repository candidate interface com.example.demo.chatroom.ChatRoomRepository; If you want this repository to be a JDBC repository, consider annotating your entities with one of these annotations: org.springframework.data.relational.core.mapping.Table.

2024-03-02 13:24:07.842 [main] INFO  o.s.d.r.c.RepositoryConfigurationExtensionSupport - Spring Data JDBC - Could not safely identify store assignment for repository candidate interface com.example.demo.chat.ChatMessageRespository; If you want this repository to be a JDBC repository, consider annotating your entities with one of these annotations: org.springframework.data.relational.core.mapping.Table.

2024-03-02 13:24:07.842 [main] INFO  o.s.d.r.c.RepositoryConfigurationExtensionSupport - Spring Data JDBC - Could not safely identify store assignment for repository candidate interface com.example.demo.Repositories.AccountTypeRepository; If you want this repository to be a JDBC repository, consider annotating your entities with one of these annotations: org.springframework.data.relational.core.mapping.Table.

2024-03-02 13:24:07.842 [main] INFO  o.s.d.r.c.RepositoryConfigurationExtensionSupport - Spring Data JDBC - Could not safely identify store assignment for repository candidate interface com.example.demo.Repositories.BrandRepository; If you want this repository to be a JDBC repository, consider annotating your entities with one of these annotations: org.springframework.data.relational.core.mapping.Table.

2024-03-02 13:24:07.859 [main] INFO  o.s.d.r.c.RepositoryConfigurationExtensionSupport - Spring Data JDBC - Could not safely identify store assignment for repository candidate interface com.example.demo.Repositories.BusinessCategoryRepository; If you want this repository to be a JDBC repository, consider annotating your entities with one of these annotations: org.springframework.data.relational.core.mapping.Table.

2024-03-02 13:24:07.860 [main] INFO  o.s.d.r.c.RepositoryConfigurationExtensionSupport - Spring Data JDBC - Could not safely identify store assignment for repository candidate interface com.example.demo.Repositories.CityRepository; If you want this repository to be a JDBC repository, consider annotating your entities with one of these annotations: org.springframework.data.relational.core.mapping.Table.

2024-03-02 13:24:07.860 [main] INFO  o.s.d.r.c.RepositoryConfigurationExtensionSupport - Spring Data JDBC - Could not safely identify store assignment for repository candidate interface com.example.demo.Repositories.CountryRepository; If you want this repository to be a JDBC repository, consider annotating your entities with one of these annotations: org.springframework.data.relational.core.mapping.Table.

2024-03-02 13:24:07.860 [main] INFO  o.s.d.r.c.RepositoryConfigurationExtensionSupport - Spring Data JDBC - Could not safely identify store assignment for repository candidate interface com.example.demo.Repositories.PasswordResetRepository; If you want this repository to be a JDBC repository, consider annotating your entities with one of these annotations: org.springframework.data.relational.core.mapping.Table.

2024-03-02 13:24:07.860 [main] INFO  o.s.d.r.c.RepositoryConfigurationExtensionSupport - Spring Data JDBC - Could not safely identify store assignment for repository candidate interface com.example.demo.Repositories.ProfileRepository; If you want this repository to be a JDBC repository, consider annotating your entities with one of these annotations: org.springframework.data.relational.core.mapping.Table.

2024-03-02 13:24:07.860 [main] INFO  o.s.d.r.c.RepositoryConfigurationExtensionSupport - Spring Data JDBC - Could not safely identify store assignment for repository candidate interface com.example.demo.Repositories.TitleRepository; If you want this repository to be a JDBC repository, consider annotating your entities with one of these annotations: org.springframework.data.relational.core.mapping.Table.

2024-03-02 13:24:07.860 [main] INFO  o.s.d.r.c.RepositoryConfigurationExtensionSupport - Spring Data JDBC - Could not safely identify store assignment for repository candidate interface com.example.demo.Repositories.UploadDataRepository; If you want this repository to be a JDBC repository, consider annotating your entities with one of these annotations: org.springframework.data.relational.core.mapping.Table.

2024-03-02 13:24:07.860 [main] INFO  o.s.d.r.c.RepositoryConfigurationExtensionSupport - Spring Data JDBC - Could not safely identify store assignment for repository candidate interface com.example.demo.Repositories.UserRepository; If you want this repository to be a JDBC repository, consider annotating your entities with one of these annotations: org.springframework.data.relational.core.mapping.Table.

2024-03-02 13:24:07.860 [main] INFO  o.s.d.r.c.RepositoryConfigurationExtensionSupport - Spring Data JDBC - Could not safely identify store assignment for repository candidate interface com.example.demo.Repositories.VerificationUploadRepository; If you want this repository to be a JDBC repository, consider annotating your entities with one of these annotations: org.springframework.data.relational.core.mapping.Table.

2024-03-02 13:24:07.876 [main] INFO  o.s.d.r.c.RepositoryConfigurationExtensionSupport - Spring Data JDBC - Could not safely identify store assignment for repository candidate interface com.example.demo.user.UserRepository2; If you want this repository to be a JDBC repository, consider annotating your entities with one of these annotations: org.springframework.data.relational.core.mapping.Table.

2024-03-02 13:24:07.876 [main] INFO  o.s.d.r.c.RepositoryConfigurationDelegate - Finished Spring Data repository scanning in 84 ms. Found 0 JDBC repository interfaces.

2024-03-02 13:24:07.876 [main] INFO  o.s.d.r.c.RepositoryConfigurationDelegate - Multiple Spring Data modules found, entering strict repository configuration mode

2024-03-02 13:24:07.891 [main] INFO  o.s.d.r.c.RepositoryConfigurationDelegate - Bootstrapping Spring Data JPA repositories in DEFAULT mode.

2024-03-02 13:24:08.072 [main] INFO  o.s.d.r.c.RepositoryConfigurationDelegate - Finished Spring Data repository scanning in 186 ms. Found 14 JPA repository interfaces.

2024-03-02 13:24:08.705 [main] INFO  o.s.b.w.e.tomcat.TomcatWebServer - Tomcat initialized with port 8080 (http)

2024-03-02 13:24:08.705 [main] INFO  o.a.coyote.http11.Http11NioProtocol - Initializing ProtocolHandler ["http-nio-192.168.1.46-8080"]

2024-03-02 13:24:08.705 [main] INFO  o.a.catalina.core.StandardService - Starting service [Tomcat]

2024-03-02 13:24:08.720 [main] INFO  o.a.catalina.core.StandardEngine - Starting Servlet engine: [Apache Tomcat/10.1.18]

2024-03-02 13:24:08.798 [main] INFO  o.a.c.c.C.[Tomcat].[localhost].[/] - Initializing Spring embedded WebApplicationContext

2024-03-02 13:24:08.798 [main] INFO  o.s.b.w.s.c.ServletWebServerApplicationContext - Root WebApplicationContext: initialization completed in 2188 ms

2024-03-02 13:24:08.940 [main] INFO  o.h.jpa.internal.util.LogHelper - HHH000204: Processing PersistenceUnitInfo [name: default]

2024-03-02 13:24:08.994 [main] INFO  org.hibernate.Version - HHH000412: Hibernate ORM core version 6.4.1.Final

2024-03-02 13:24:09.025 [main] INFO  o.h.c.i.RegionFactoryInitiator - HHH000026: Second-level cache disabled

2024-03-02 13:24:09.275 [main] INFO  o.s.o.j.p.SpringPersistenceUnitInfo - No LoadTimeWeaver setup: ignoring JPA class transformer

2024-03-02 13:24:09.306 [main] INFO  com.zaxxer.hikari.HikariDataSource - HikariPool-1 - Starting...

2024-03-02 13:24:09.486 [main] INFO  com.zaxxer.hikari.pool.HikariPool - HikariPool-1 - Added connection com.mysql.cj.jdbc.ConnectionImpl@5b3755f4

2024-03-02 13:24:09.486 [main] INFO  com.zaxxer.hikari.HikariDataSource - HikariPool-1 - Start completed.

2024-03-02 13:24:09.502 [main] WARN  org.hibernate.orm.deprecation - HHH90000025: MySQL8Dialect does not need to be specified explicitly using 'hibernate.dialect' (remove the property setting and it will be selected by default)

2024-03-02 13:24:09.502 [main] WARN  org.hibernate.orm.deprecation - HHH90000026: MySQL8Dialect has been deprecated; use org.hibernate.dialect.MySQLDialect instead

2024-03-02 13:24:11.218 [main] INFO  o.h.e.t.j.p.i.JtaPlatformInitiator - HHH000489: No JTA platform available (set 'hibernate.transaction.jta.platform' to enable JTA platform integration)

2024-03-02 13:24:11.567 [main] INFO  o.s.o.j.LocalContainerEntityManagerFactoryBean - Initialized JPA EntityManagerFactory for persistence unit 'default'

2024-03-02 13:24:12.956 [main] WARN  o.s.b.a.o.j.JpaBaseConfiguration$JpaWebConfiguration - spring.jpa.open-in-view is enabled by default. Therefore, database queries may be performed during view rendering. Explicitly configure spring.jpa.open-in-view to disable this warning

2024-03-02 13:24:13.358 [main] INFO  o.s.b.a.w.s.WelcomePageHandlerMapping - Adding welcome page: class path resource [static/index.html]

2024-03-02 13:24:13.540 [main] INFO  o.s.s.web.DefaultSecurityFilterChain - Will secure any request with [org.springframework.security.web.session.DisableEncodeUrlFilter@54af9cce, org.springframework.security.web.context.request.async.WebAsyncManagerIntegrationFilter@683218c8, org.springframework.security.web.context.SecurityContextHolderFilter@48e1e18a, org.springframework.security.web.header.HeaderWriterFilter@16ac67e3, org.springframework.web.filter.CorsFilter@3eb6d7a9, org.springframework.security.web.authentication.logout.LogoutFilter@52b2c255, com.example.demo.Config.JwtAuthenticationFilter@4131f6db, org.springframework.security.web.savedrequest.RequestCacheAwareFilter@7a6078d, org.springframework.security.web.servletapi.SecurityContextHolderAwareRequestFilter@372c428, org.springframework.security.web.authentication.AnonymousAuthenticationFilter@345f4e0d, org.springframework.security.web.session.SessionManagementFilter@264340f0, org.springframework.security.web.access.ExceptionTranslationFilter@7c424dfe, org.springframework.security.web.access.intercept.AuthorizationFilter@5f113867]

2024-03-02 13:24:14.406 [main] INFO  o.a.coyote.http11.Http11NioProtocol - Starting ProtocolHandler ["http-nio-192.168.1.46-8080"]

2024-03-02 13:24:14.423 [main] INFO  o.s.b.w.e.tomcat.TomcatWebServer - Tomcat started on port 8080 (http) with context path ''

2024-03-02 13:24:14.423 [main] INFO  o.s.m.s.b.SimpleBrokerMessageHandler - Starting...

2024-03-02 13:24:14.439 [main] INFO  o.s.m.s.b.SimpleBrokerMessageHandler - BrokerAvailabilityEvent[available=true, SimpleBrokerMessageHandler [org.springframework.messaging.simp.broker.DefaultSubscriptionRegistry@10d56aab]]

2024-03-02 13:24:14.439 [main] INFO  o.s.m.s.b.SimpleBrokerMessageHandler - Started.

2024-03-02 13:24:14.439 [main] INFO  com.example.demo.DemoApplication - Started DemoApplication in 8.337 seconds (process running for 9.146)

2024-03-02 13:24:46.290 [http-nio-192.168.1.46-8080-exec-1] INFO  o.a.c.c.C.[Tomcat].[localhost].[/] - Initializing Spring DispatcherServlet 'dispatcherServlet'

2024-03-02 13:24:46.290 [http-nio-192.168.1.46-8080-exec-1] INFO  o.s.web.servlet.DispatcherServlet - Initializing Servlet 'dispatcherServlet'

2024-03-02 13:24:46.292 [http-nio-192.168.1.46-8080-exec-1] INFO  o.s.web.servlet.DispatcherServlet - Completed initialization in 2 ms

2024-03-02 13:24:55.139 [clientInboundChannel-3] ERROR o.s.w.s.m.WebSocketAnnotationMethodMessageHandler - Unhandled exception from message handler method

org.springframework.messaging.MessageDeliveryException: Failed to handle GenericMessage [payload=byte[59], headers={simpMessageType=MESSAGE, conversionHint=method 'addUser' parameter -1, contentType=application/json, simpSessionId=sjpt0zh3, simpDestination=/user/public}] to org.springframework.messaging.support.ExecutorSubscribableChannel$SendTask@30b0eac6 in UserDestinationMessageHandler[DefaultUserDestinationResolver[prefix=/user/]]
	at org.springframework.messaging.support.ExecutorSubscribableChannel$SendTask.run(ExecutorSubscribableChannel.java:153)
	at org.springframework.messaging.support.ExecutorSubscribableChannel.sendInternal(ExecutorSubscribableChannel.java:100)
	at org.springframework.messaging.support.AbstractMessageChannel.send(AbstractMessageChannel.java:139)
	at org.springframework.messaging.support.AbstractMessageChannel.send(AbstractMessageChannel.java:125)
	at org.springframework.messaging.simp.SimpMessagingTemplate.sendInternal(SimpMessagingTemplate.java:186)
	at org.springframework.messaging.simp.SimpMessagingTemplate.doSend(SimpMessagingTemplate.java:161)
	at org.springframework.messaging.simp.SimpMessagingTemplate.doSend(SimpMessagingTemplate.java:47)
	at org.springframework.messaging.core.AbstractMessageSendingTemplate.send(AbstractMessageSendingTemplate.java:109)
	at org.springframework.messaging.core.AbstractMessageSendingTemplate.convertAndSend(AbstractMessageSendingTemplate.java:151)
	at org.springframework.messaging.core.AbstractMessageSendingTemplate.convertAndSend(AbstractMessageSendingTemplate.java:129)
	at org.springframework.messaging.simp.annotation.support.SendToMethodReturnValueHandler.handleReturnValue(SendToMethodReturnValueHandler.java:189)
	at org.springframework.messaging.handler.invocation.HandlerMethodReturnValueHandlerComposite.handleReturnValue(HandlerMethodReturnValueHandlerComposite.java:126)
	at org.springframework.messaging.handler.invocation.AbstractMethodMessageHandler.handleMatch(AbstractMethodMessageHandler.java:579)
	at org.springframework.messaging.simp.annotation.support.SimpAnnotationMethodMessageHandler.handleMatch(SimpAnnotationMethodMessageHandler.java:511)
	at org.springframework.messaging.simp.annotation.support.SimpAnnotationMethodMessageHandler.handleMatch(SimpAnnotationMethodMessageHandler.java:93)
	at org.springframework.messaging.handler.invocation.AbstractMethodMessageHandler.handleMessageInternal(AbstractMethodMessageHandler.java:522)
	at org.springframework.messaging.handler.invocation.AbstractMethodMessageHandler.handleMessage(AbstractMethodMessageHandler.java:457)
	at org.springframework.messaging.support.ExecutorSubscribableChannel$SendTask.run(ExecutorSubscribableChannel.java:144)
	at java.base/java.util.concurrent.ThreadPoolExecutor.runWorker(ThreadPoolExecutor.java:1144)
	at java.base/java.util.concurrent.ThreadPoolExecutor$Worker.run(ThreadPoolExecutor.java:642)
	at java.base/java.lang.Thread.run(Thread.java:1583)
Caused by: java.lang.IllegalArgumentException: Expected destination pattern "/user/{userId}/**"
	at org.springframework.util.Assert.isTrue(Assert.java:111)
	at org.springframework.messaging.simp.user.DefaultUserDestinationResolver.parseMessage(DefaultUserDestinationResolver.java:188)
	at org.springframework.messaging.simp.user.DefaultUserDestinationResolver.parse(DefaultUserDestinationResolver.java:158)
	at org.springframework.messaging.simp.user.DefaultUserDestinationResolver.resolveDestination(DefaultUserDestinationResolver.java:128)
	at org.springframework.messaging.simp.user.UserDestinationMessageHandler.handleMessage(UserDestinationMessageHandler.java:200)
	at org.springframework.messaging.support.ExecutorSubscribableChannel$SendTask.run(ExecutorSubscribableChannel.java:144)
	... 20 common frames omitted
2024-03-02 13:25:14.426 [MessageBroker-3] INFO  o.s.w.s.c.WebSocketMessageBrokerStats - WebSocketSession[1 current WS(1)-HttpStream(0)-HttpPoll(0), 1 total, 0 closed abnormally (0 connect failure, 0 send limit, 0 transport error)], stompSubProtocol[processed CONNECT(1)-CONNECTED(1)-DISCONNECT(0)], stompBrokerRelay[null], inboundChannel[pool size = 8, active threads = 0, queued tasks = 0, completed tasks = 12], outboundChannel[pool size = 2, active threads = 0, queued tasks = 0, completed tasks = 2], sockJsScheduler[pool size = 4, active threads = 1, queued tasks = 2, completed tasks = 4]

2024-03-02 13:25:19.793 [clientInboundChannel-7] ERROR o.s.w.s.m.WebSocketAnnotationMethodMessageHandler - Unhandled exception from message handler method

org.springframework.messaging.MessageDeliveryException: Failed to handle GenericMessage [payload=byte[57], headers={simpMessageType=MESSAGE, conversionHint=method 'addUser' parameter -1, contentType=application/json, simpSessionId=ti4dhn2j, simpDestination=/user/public}] to org.springframework.messaging.support.ExecutorSubscribableChannel$SendTask@132bcf3 in UserDestinationMessageHandler[DefaultUserDestinationResolver[prefix=/user/]]
	at org.springframework.messaging.support.ExecutorSubscribableChannel$SendTask.run(ExecutorSubscribableChannel.java:153)
	at org.springframework.messaging.support.ExecutorSubscribableChannel.sendInternal(ExecutorSubscribableChannel.java:100)
	at org.springframework.messaging.support.AbstractMessageChannel.send(AbstractMessageChannel.java:139)
	at org.springframework.messaging.support.AbstractMessageChannel.send(AbstractMessageChannel.java:125)
	at org.springframework.messaging.simp.SimpMessagingTemplate.sendInternal(SimpMessagingTemplate.java:186)
	at org.springframework.messaging.simp.SimpMessagingTemplate.doSend(SimpMessagingTemplate.java:161)
	at org.springframework.messaging.simp.SimpMessagingTemplate.doSend(SimpMessagingTemplate.java:47)
	at org.springframework.messaging.core.AbstractMessageSendingTemplate.send(AbstractMessageSendingTemplate.java:109)
	at org.springframework.messaging.core.AbstractMessageSendingTemplate.convertAndSend(AbstractMessageSendingTemplate.java:151)
	at org.springframework.messaging.core.AbstractMessageSendingTemplate.convertAndSend(AbstractMessageSendingTemplate.java:129)
	at org.springframework.messaging.simp.annotation.support.SendToMethodReturnValueHandler.handleReturnValue(SendToMethodReturnValueHandler.java:189)
	at org.springframework.messaging.handler.invocation.HandlerMethodReturnValueHandlerComposite.handleReturnValue(HandlerMethodReturnValueHandlerComposite.java:126)
	at org.springframework.messaging.handler.invocation.AbstractMethodMessageHandler.handleMatch(AbstractMethodMessageHandler.java:579)
	at org.springframework.messaging.simp.annotation.support.SimpAnnotationMethodMessageHandler.handleMatch(SimpAnnotationMethodMessageHandler.java:511)
	at org.springframework.messaging.simp.annotation.support.SimpAnnotationMethodMessageHandler.handleMatch(SimpAnnotationMethodMessageHandler.java:93)
	at org.springframework.messaging.handler.invocation.AbstractMethodMessageHandler.handleMessageInternal(AbstractMethodMessageHandler.java:522)
	at org.springframework.messaging.handler.invocation.AbstractMethodMessageHandler.handleMessage(AbstractMethodMessageHandler.java:457)
	at org.springframework.messaging.support.ExecutorSubscribableChannel$SendTask.run(ExecutorSubscribableChannel.java:144)
	at java.base/java.util.concurrent.ThreadPoolExecutor.runWorker(ThreadPoolExecutor.java:1144)
	at java.base/java.util.concurrent.ThreadPoolExecutor$Worker.run(ThreadPoolExecutor.java:642)
	at java.base/java.lang.Thread.run(Thread.java:1583)
Caused by: java.lang.IllegalArgumentException: Expected destination pattern "/user/{userId}/**"
	at org.springframework.util.Assert.isTrue(Assert.java:111)
	at org.springframework.messaging.simp.user.DefaultUserDestinationResolver.parseMessage(DefaultUserDestinationResolver.java:188)
	at org.springframework.messaging.simp.user.DefaultUserDestinationResolver.parse(DefaultUserDestinationResolver.java:158)
	at org.springframework.messaging.simp.user.DefaultUserDestinationResolver.resolveDestination(DefaultUserDestinationResolver.java:128)
	at org.springframework.messaging.simp.user.UserDestinationMessageHandler.handleMessage(UserDestinationMessageHandler.java:200)
	at org.springframework.messaging.support.ExecutorSubscribableChannel$SendTask.run(ExecutorSubscribableChannel.java:144)
	... 20 common frames omitted
2024-03-02 13:25:43.686 [clientInboundChannel-1] ERROR o.s.w.s.m.WebSocketAnnotationMethodMessageHandler - Unhandled exception from message handler method

org.springframework.messaging.MessageDeliveryException: Failed to handle GenericMessage [payload=byte[60], headers={simpMessageType=MESSAGE, conversionHint=method 'disconnectUser' parameter -1, contentType=application/json, simpSessionId=sjpt0zh3, simpDestination=/user/public}] to org.springframework.messaging.support.ExecutorSubscribableChannel$SendTask@5c84e696 in UserDestinationMessageHandler[DefaultUserDestinationResolver[prefix=/user/]]
	at org.springframework.messaging.support.ExecutorSubscribableChannel$SendTask.run(ExecutorSubscribableChannel.java:153)
	at org.springframework.messaging.support.ExecutorSubscribableChannel.sendInternal(ExecutorSubscribableChannel.java:100)
	at org.springframework.messaging.support.AbstractMessageChannel.send(AbstractMessageChannel.java:139)
	at org.springframework.messaging.support.AbstractMessageChannel.send(AbstractMessageChannel.java:125)
	at org.springframework.messaging.simp.SimpMessagingTemplate.sendInternal(SimpMessagingTemplate.java:186)
	at org.springframework.messaging.simp.SimpMessagingTemplate.doSend(SimpMessagingTemplate.java:161)
	at org.springframework.messaging.simp.SimpMessagingTemplate.doSend(SimpMessagingTemplate.java:47)
	at org.springframework.messaging.core.AbstractMessageSendingTemplate.send(AbstractMessageSendingTemplate.java:109)
	at org.springframework.messaging.core.AbstractMessageSendingTemplate.convertAndSend(AbstractMessageSendingTemplate.java:151)
	at org.springframework.messaging.core.AbstractMessageSendingTemplate.convertAndSend(AbstractMessageSendingTemplate.java:129)
	at org.springframework.messaging.simp.annotation.support.SendToMethodReturnValueHandler.handleReturnValue(SendToMethodReturnValueHandler.java:189)
	at org.springframework.messaging.handler.invocation.HandlerMethodReturnValueHandlerComposite.handleReturnValue(HandlerMethodReturnValueHandlerComposite.java:126)
	at org.springframework.messaging.handler.invocation.AbstractMethodMessageHandler.handleMatch(AbstractMethodMessageHandler.java:579)
	at org.springframework.messaging.simp.annotation.support.SimpAnnotationMethodMessageHandler.handleMatch(SimpAnnotationMethodMessageHandler.java:511)
	at org.springframework.messaging.simp.annotation.support.SimpAnnotationMethodMessageHandler.handleMatch(SimpAnnotationMethodMessageHandler.java:93)
	at org.springframework.messaging.handler.invocation.AbstractMethodMessageHandler.handleMessageInternal(AbstractMethodMessageHandler.java:522)
	at org.springframework.messaging.handler.invocation.AbstractMethodMessageHandler.handleMessage(AbstractMethodMessageHandler.java:457)
	at org.springframework.messaging.support.ExecutorSubscribableChannel$SendTask.run(ExecutorSubscribableChannel.java:144)
	at java.base/java.util.concurrent.ThreadPoolExecutor.runWorker(ThreadPoolExecutor.java:1144)
	at java.base/java.util.concurrent.ThreadPoolExecutor$Worker.run(ThreadPoolExecutor.java:642)
	at java.base/java.lang.Thread.run(Thread.java:1583)
Caused by: java.lang.IllegalArgumentException: Expected destination pattern "/user/{userId}/**"
	at org.springframework.util.Assert.isTrue(Assert.java:111)
	at org.springframework.messaging.simp.user.DefaultUserDestinationResolver.parseMessage(DefaultUserDestinationResolver.java:188)
	at org.springframework.messaging.simp.user.DefaultUserDestinationResolver.parse(DefaultUserDestinationResolver.java:158)
	at org.springframework.messaging.simp.user.DefaultUserDestinationResolver.resolveDestination(DefaultUserDestinationResolver.java:128)
	at org.springframework.messaging.simp.user.UserDestinationMessageHandler.handleMessage(UserDestinationMessageHandler.java:200)
	at org.springframework.messaging.support.ExecutorSubscribableChannel$SendTask.run(ExecutorSubscribableChannel.java:144)
	... 20 common frames omitted
2024-03-02 13:25:43.687 [clientInboundChannel-3] ERROR o.s.w.s.m.WebSocketAnnotationMethodMessageHandler - Unhandled exception from message handler method

org.springframework.messaging.MessageDeliveryException: Failed to handle GenericMessage [payload=byte[60], headers={simpMessageType=MESSAGE, conversionHint=method 'disconnectUser' parameter -1, contentType=application/json, simpSessionId=sjpt0zh3, simpDestination=/user/public}] to org.springframework.messaging.support.ExecutorSubscribableChannel$SendTask@3ef955ac in UserDestinationMessageHandler[DefaultUserDestinationResolver[prefix=/user/]]
	at org.springframework.messaging.support.ExecutorSubscribableChannel$SendTask.run(ExecutorSubscribableChannel.java:153)
	at org.springframework.messaging.support.ExecutorSubscribableChannel.sendInternal(ExecutorSubscribableChannel.java:100)
	at org.springframework.messaging.support.AbstractMessageChannel.send(AbstractMessageChannel.java:139)
	at org.springframework.messaging.support.AbstractMessageChannel.send(AbstractMessageChannel.java:125)
	at org.springframework.messaging.simp.SimpMessagingTemplate.sendInternal(SimpMessagingTemplate.java:186)
	at org.springframework.messaging.simp.SimpMessagingTemplate.doSend(SimpMessagingTemplate.java:161)
	at org.springframework.messaging.simp.SimpMessagingTemplate.doSend(SimpMessagingTemplate.java:47)
	at org.springframework.messaging.core.AbstractMessageSendingTemplate.send(AbstractMessageSendingTemplate.java:109)
	at org.springframework.messaging.core.AbstractMessageSendingTemplate.convertAndSend(AbstractMessageSendingTemplate.java:151)
	at org.springframework.messaging.core.AbstractMessageSendingTemplate.convertAndSend(AbstractMessageSendingTemplate.java:129)
	at org.springframework.messaging.simp.annotation.support.SendToMethodReturnValueHandler.handleReturnValue(SendToMethodReturnValueHandler.java:189)
	at org.springframework.messaging.handler.invocation.HandlerMethodReturnValueHandlerComposite.handleReturnValue(HandlerMethodReturnValueHandlerComposite.java:126)
	at org.springframework.messaging.handler.invocation.AbstractMethodMessageHandler.handleMatch(AbstractMethodMessageHandler.java:579)
	at org.springframework.messaging.simp.annotation.support.SimpAnnotationMethodMessageHandler.handleMatch(SimpAnnotationMethodMessageHandler.java:511)
	at org.springframework.messaging.simp.annotation.support.SimpAnnotationMethodMessageHandler.handleMatch(SimpAnnotationMethodMessageHandler.java:93)
	at org.springframework.messaging.handler.invocation.AbstractMethodMessageHandler.handleMessageInternal(AbstractMethodMessageHandler.java:522)
	at org.springframework.messaging.handler.invocation.AbstractMethodMessageHandler.handleMessage(AbstractMethodMessageHandler.java:457)
	at org.springframework.messaging.support.ExecutorSubscribableChannel$SendTask.run(ExecutorSubscribableChannel.java:144)
	at java.base/java.util.concurrent.ThreadPoolExecutor.runWorker(ThreadPoolExecutor.java:1144)
	at java.base/java.util.concurrent.ThreadPoolExecutor$Worker.run(ThreadPoolExecutor.java:642)
	at java.base/java.lang.Thread.run(Thread.java:1583)
Caused by: java.lang.IllegalArgumentException: Expected destination pattern "/user/{userId}/**"
	at org.springframework.util.Assert.isTrue(Assert.java:111)
	at org.springframework.messaging.simp.user.DefaultUserDestinationResolver.parseMessage(DefaultUserDestinationResolver.java:188)
	at org.springframework.messaging.simp.user.DefaultUserDestinationResolver.parse(DefaultUserDestinationResolver.java:158)
	at org.springframework.messaging.simp.user.DefaultUserDestinationResolver.resolveDestination(DefaultUserDestinationResolver.java:128)
	at org.springframework.messaging.simp.user.UserDestinationMessageHandler.handleMessage(UserDestinationMessageHandler.java:200)
	at org.springframework.messaging.support.ExecutorSubscribableChannel$SendTask.run(ExecutorSubscribableChannel.java:144)
	... 20 common frames omitted
2024-03-02 13:25:51.201 [clientInboundChannel-2] ERROR o.s.w.s.m.WebSocketAnnotationMethodMessageHandler - Unhandled exception from message handler method

org.springframework.messaging.MessageDeliveryException: Failed to handle GenericMessage [payload=byte[58], headers={simpMessageType=MESSAGE, conversionHint=method 'disconnectUser' parameter -1, contentType=application/json, simpSessionId=ti4dhn2j, simpDestination=/user/public}] to org.springframework.messaging.support.ExecutorSubscribableChannel$SendTask@b696645 in UserDestinationMessageHandler[DefaultUserDestinationResolver[prefix=/user/]]
	at org.springframework.messaging.support.ExecutorSubscribableChannel$SendTask.run(ExecutorSubscribableChannel.java:153)
	at org.springframework.messaging.support.ExecutorSubscribableChannel.sendInternal(ExecutorSubscribableChannel.java:100)
	at org.springframework.messaging.support.AbstractMessageChannel.send(AbstractMessageChannel.java:139)
	at org.springframework.messaging.support.AbstractMessageChannel.send(AbstractMessageChannel.java:125)
	at org.springframework.messaging.simp.SimpMessagingTemplate.sendInternal(SimpMessagingTemplate.java:186)
	at org.springframework.messaging.simp.SimpMessagingTemplate.doSend(SimpMessagingTemplate.java:161)
	at org.springframework.messaging.simp.SimpMessagingTemplate.doSend(SimpMessagingTemplate.java:47)
	at org.springframework.messaging.core.AbstractMessageSendingTemplate.send(AbstractMessageSendingTemplate.java:109)
	at org.springframework.messaging.core.AbstractMessageSendingTemplate.convertAndSend(AbstractMessageSendingTemplate.java:151)
	at org.springframework.messaging.core.AbstractMessageSendingTemplate.convertAndSend(AbstractMessageSendingTemplate.java:129)
	at org.springframework.messaging.simp.annotation.support.SendToMethodReturnValueHandler.handleReturnValue(SendToMethodReturnValueHandler.java:189)
	at org.springframework.messaging.handler.invocation.HandlerMethodReturnValueHandlerComposite.handleReturnValue(HandlerMethodReturnValueHandlerComposite.java:126)
	at org.springframework.messaging.handler.invocation.AbstractMethodMessageHandler.handleMatch(AbstractMethodMessageHandler.java:579)
	at org.springframework.messaging.simp.annotation.support.SimpAnnotationMethodMessageHandler.handleMatch(SimpAnnotationMethodMessageHandler.java:511)
	at org.springframework.messaging.simp.annotation.support.SimpAnnotationMethodMessageHandler.handleMatch(SimpAnnotationMethodMessageHandler.java:93)
	at org.springframework.messaging.handler.invocation.AbstractMethodMessageHandler.handleMessageInternal(AbstractMethodMessageHandler.java:522)
	at org.springframework.messaging.handler.invocation.AbstractMethodMessageHandler.handleMessage(AbstractMethodMessageHandler.java:457)
	at org.springframework.messaging.support.ExecutorSubscribableChannel$SendTask.run(ExecutorSubscribableChannel.java:144)
	at java.base/java.util.concurrent.ThreadPoolExecutor.runWorker(ThreadPoolExecutor.java:1144)
	at java.base/java.util.concurrent.ThreadPoolExecutor$Worker.run(ThreadPoolExecutor.java:642)
	at java.base/java.lang.Thread.run(Thread.java:1583)
Caused by: java.lang.IllegalArgumentException: Expected destination pattern "/user/{userId}/**"
	at org.springframework.util.Assert.isTrue(Assert.java:111)
	at org.springframework.messaging.simp.user.DefaultUserDestinationResolver.parseMessage(DefaultUserDestinationResolver.java:188)
	at org.springframework.messaging.simp.user.DefaultUserDestinationResolver.parse(DefaultUserDestinationResolver.java:158)
	at org.springframework.messaging.simp.user.DefaultUserDestinationResolver.resolveDestination(DefaultUserDestinationResolver.java:128)
	at org.springframework.messaging.simp.user.UserDestinationMessageHandler.handleMessage(UserDestinationMessageHandler.java:200)
	at org.springframework.messaging.support.ExecutorSubscribableChannel$SendTask.run(ExecutorSubscribableChannel.java:144)
	... 20 common frames omitted
2024-03-02 13:25:51.218 [clientInboundChannel-7] ERROR o.s.w.s.m.WebSocketAnnotationMethodMessageHandler - Unhandled exception from message handler method

org.springframework.messaging.MessageDeliveryException: Failed to handle GenericMessage [payload=byte[58], headers={simpMessageType=MESSAGE, conversionHint=method 'disconnectUser' parameter -1, contentType=application/json, simpSessionId=ti4dhn2j, simpDestination=/user/public}] to org.springframework.messaging.support.ExecutorSubscribableChannel$SendTask@72dc095 in UserDestinationMessageHandler[DefaultUserDestinationResolver[prefix=/user/]]
	at org.springframework.messaging.support.ExecutorSubscribableChannel$SendTask.run(ExecutorSubscribableChannel.java:153)
	at org.springframework.messaging.support.ExecutorSubscribableChannel.sendInternal(ExecutorSubscribableChannel.java:100)
	at org.springframework.messaging.support.AbstractMessageChannel.send(AbstractMessageChannel.java:139)
	at org.springframework.messaging.support.AbstractMessageChannel.send(AbstractMessageChannel.java:125)
	at org.springframework.messaging.simp.SimpMessagingTemplate.sendInternal(SimpMessagingTemplate.java:186)
	at org.springframework.messaging.simp.SimpMessagingTemplate.doSend(SimpMessagingTemplate.java:161)
	at org.springframework.messaging.simp.SimpMessagingTemplate.doSend(SimpMessagingTemplate.java:47)
	at org.springframework.messaging.core.AbstractMessageSendingTemplate.send(AbstractMessageSendingTemplate.java:109)
	at org.springframework.messaging.core.AbstractMessageSendingTemplate.convertAndSend(AbstractMessageSendingTemplate.java:151)
	at org.springframework.messaging.core.AbstractMessageSendingTemplate.convertAndSend(AbstractMessageSendingTemplate.java:129)
	at org.springframework.messaging.simp.annotation.support.SendToMethodReturnValueHandler.handleReturnValue(SendToMethodReturnValueHandler.java:189)
	at org.springframework.messaging.handler.invocation.HandlerMethodReturnValueHandlerComposite.handleReturnValue(HandlerMethodReturnValueHandlerComposite.java:126)
	at org.springframework.messaging.handler.invocation.AbstractMethodMessageHandler.handleMatch(AbstractMethodMessageHandler.java:579)
	at org.springframework.messaging.simp.annotation.support.SimpAnnotationMethodMessageHandler.handleMatch(SimpAnnotationMethodMessageHandler.java:511)
	at org.springframework.messaging.simp.annotation.support.SimpAnnotationMethodMessageHandler.handleMatch(SimpAnnotationMethodMessageHandler.java:93)
	at org.springframework.messaging.handler.invocation.AbstractMethodMessageHandler.handleMessageInternal(AbstractMethodMessageHandler.java:522)
	at org.springframework.messaging.handler.invocation.AbstractMethodMessageHandler.handleMessage(AbstractMethodMessageHandler.java:457)
	at org.springframework.messaging.support.ExecutorSubscribableChannel$SendTask.run(ExecutorSubscribableChannel.java:144)
	at java.base/java.util.concurrent.ThreadPoolExecutor.runWorker(ThreadPoolExecutor.java:1144)
	at java.base/java.util.concurrent.ThreadPoolExecutor$Worker.run(ThreadPoolExecutor.java:642)
	at java.base/java.lang.Thread.run(Thread.java:1583)
Caused by: java.lang.IllegalArgumentException: Expected destination pattern "/user/{userId}/**"
	at org.springframework.util.Assert.isTrue(Assert.java:111)
	at org.springframework.messaging.simp.user.DefaultUserDestinationResolver.parseMessage(DefaultUserDestinationResolver.java:188)
	at org.springframework.messaging.simp.user.DefaultUserDestinationResolver.parse(DefaultUserDestinationResolver.java:158)
	at org.springframework.messaging.simp.user.DefaultUserDestinationResolver.resolveDestination(DefaultUserDestinationResolver.java:128)
	at org.springframework.messaging.simp.user.UserDestinationMessageHandler.handleMessage(UserDestinationMessageHandler.java:200)
	at org.springframework.messaging.support.ExecutorSubscribableChannel$SendTask.run(ExecutorSubscribableChannel.java:144)
	... 20 common frames omitted
2024-03-02 13:26:09.418 [SpringApplicationShutdownHook] INFO  o.s.m.s.b.SimpleBrokerMessageHandler - Stopping...

2024-03-02 13:26:09.418 [SpringApplicationShutdownHook] INFO  o.s.m.s.b.SimpleBrokerMessageHandler - BrokerAvailabilityEvent[available=false, SimpleBrokerMessageHandler [org.springframework.messaging.simp.broker.DefaultSubscriptionRegistry@10d56aab]]

2024-03-02 13:26:09.419 [SpringApplicationShutdownHook] INFO  o.s.m.s.b.SimpleBrokerMessageHandler - Stopped.

2024-03-02 13:26:09.437 [SpringApplicationShutdownHook] INFO  o.s.o.j.LocalContainerEntityManagerFactoryBean - Closing JPA EntityManagerFactory for persistence unit 'default'

2024-03-02 13:26:09.440 [SpringApplicationShutdownHook] INFO  com.zaxxer.hikari.HikariDataSource - HikariPool-1 - Shutdown initiated...

2024-03-02 13:26:09.449 [SpringApplicationShutdownHook] INFO  com.zaxxer.hikari.HikariDataSource - HikariPool-1 - Shutdown completed.

