2024-03-31 00:00:46.749 [MessageBroker-1] INFO  o.s.w.s.c.WebSocketMessageBrokerStats - WebSocketSession[0 current WS(0)-HttpStream(0)-HttpPoll(0), 0 total, 0 closed abnormally (0 connect failure, 0 send limit, 0 transport error)], stompSubProtocol[processed CONNECT(0)-CONNECTED(0)-DISCONNECT(0)], stompBrokerRelay[null], inboundChannel[pool size = 0, active threads = 0, queued tasks = 0, completed tasks = 0], outboundChannel[pool size = 0, active threads = 0, queued tasks = 0, completed tasks = 0], sockJsScheduler[pool size = 4, active threads = 1, queued tasks = 0, completed tasks = 5]

2024-03-31 13:31:03.459 [background-preinit] INFO  o.h.validator.internal.util.Version - HV000001: Hibernate Validator 8.0.1.Final

2024-03-31 13:31:03.529 [main] INFO  com.example.demo.DemoApplication - Starting DemoApplication using Java 21.0.2 with PID 12996 (D:\TestExploraRosa\target\classes started by Julius in D:\TestExploraRosa)

2024-03-31 13:31:03.530 [main] INFO  com.example.demo.DemoApplication - No active profile set, falling back to 1 default profile: "default"

2024-03-31 13:31:04.847 [main] INFO  o.s.d.r.c.RepositoryConfigurationDelegate - Multiple Spring Data modules found, entering strict repository configuration mode

2024-03-31 13:31:04.849 [main] INFO  o.s.d.r.c.RepositoryConfigurationDelegate - Bootstrapping Spring Data JDBC repositories in DEFAULT mode.

2024-03-31 13:31:04.951 [main] INFO  o.s.d.r.c.RepositoryConfigurationExtensionSupport - Spring Data JDBC - Could not safely identify store assignment for repository candidate interface com.example.demo.chatroom.ChatRoomRepository; If you want this repository to be a JDBC repository, consider annotating your entities with one of these annotations: org.springframework.data.relational.core.mapping.Table.

2024-03-31 13:31:04.954 [main] INFO  o.s.d.r.c.RepositoryConfigurationExtensionSupport - Spring Data JDBC - Could not safely identify store assignment for repository candidate interface com.example.demo.chat.ChatMessageRespository; If you want this repository to be a JDBC repository, consider annotating your entities with one of these annotations: org.springframework.data.relational.core.mapping.Table.

2024-03-31 13:31:04.960 [main] INFO  o.s.d.r.c.RepositoryConfigurationExtensionSupport - Spring Data JDBC - Could not safely identify store assignment for repository candidate interface com.example.demo.Repositories.AccountTypeRepository; If you want this repository to be a JDBC repository, consider annotating your entities with one of these annotations: org.springframework.data.relational.core.mapping.Table.

2024-03-31 13:31:04.967 [main] INFO  o.s.d.r.c.RepositoryConfigurationExtensionSupport - Spring Data JDBC - Could not safely identify store assignment for repository candidate interface com.example.demo.Repositories.BrandRepository; If you want this repository to be a JDBC repository, consider annotating your entities with one of these annotations: org.springframework.data.relational.core.mapping.Table.

2024-03-31 13:31:04.971 [main] INFO  o.s.d.r.c.RepositoryConfigurationExtensionSupport - Spring Data JDBC - Could not safely identify store assignment for repository candidate interface com.example.demo.Repositories.BusinessCategoryRepository; If you want this repository to be a JDBC repository, consider annotating your entities with one of these annotations: org.springframework.data.relational.core.mapping.Table.

2024-03-31 13:31:04.974 [main] INFO  o.s.d.r.c.RepositoryConfigurationExtensionSupport - Spring Data JDBC - Could not safely identify store assignment for repository candidate interface com.example.demo.Repositories.CartItemRepository; If you want this repository to be a JDBC repository, consider annotating your entities with one of these annotations: org.springframework.data.relational.core.mapping.Table.

2024-03-31 13:31:04.975 [main] INFO  o.s.d.r.c.RepositoryConfigurationExtensionSupport - Spring Data JDBC - Could not safely identify store assignment for repository candidate interface com.example.demo.Repositories.CartRepository; If you want this repository to be a JDBC repository, consider annotating your entities with one of these annotations: org.springframework.data.relational.core.mapping.Table.

2024-03-31 13:31:04.977 [main] INFO  o.s.d.r.c.RepositoryConfigurationExtensionSupport - Spring Data JDBC - Could not safely identify store assignment for repository candidate interface com.example.demo.Repositories.CityRepository; If you want this repository to be a JDBC repository, consider annotating your entities with one of these annotations: org.springframework.data.relational.core.mapping.Table.

2024-03-31 13:31:04.984 [main] INFO  o.s.d.r.c.RepositoryConfigurationExtensionSupport - Spring Data JDBC - Could not safely identify store assignment for repository candidate interface com.example.demo.Repositories.CommentRepository; If you want this repository to be a JDBC repository, consider annotating your entities with one of these annotations: org.springframework.data.relational.core.mapping.Table.

2024-03-31 13:31:04.986 [main] INFO  o.s.d.r.c.RepositoryConfigurationExtensionSupport - Spring Data JDBC - Could not safely identify store assignment for repository candidate interface com.example.demo.Repositories.CountryRepository; If you want this repository to be a JDBC repository, consider annotating your entities with one of these annotations: org.springframework.data.relational.core.mapping.Table.

2024-03-31 13:31:04.989 [main] INFO  o.s.d.r.c.RepositoryConfigurationExtensionSupport - Spring Data JDBC - Could not safely identify store assignment for repository candidate interface com.example.demo.Repositories.FavoritesRepository; If you want this repository to be a JDBC repository, consider annotating your entities with one of these annotations: org.springframework.data.relational.core.mapping.Table.

2024-03-31 13:31:04.995 [main] INFO  o.s.d.r.c.RepositoryConfigurationExtensionSupport - Spring Data JDBC - Could not safely identify store assignment for repository candidate interface com.example.demo.Repositories.FollowUnFollowRepository; If you want this repository to be a JDBC repository, consider annotating your entities with one of these annotations: org.springframework.data.relational.core.mapping.Table.

2024-03-31 13:31:04.997 [main] INFO  o.s.d.r.c.RepositoryConfigurationExtensionSupport - Spring Data JDBC - Could not safely identify store assignment for repository candidate interface com.example.demo.Repositories.GlobalDBStartPointRepository; If you want this repository to be a JDBC repository, consider annotating your entities with one of these annotations: org.springframework.data.relational.core.mapping.Table.

2024-03-31 13:31:05.002 [main] INFO  o.s.d.r.c.RepositoryConfigurationExtensionSupport - Spring Data JDBC - Could not safely identify store assignment for repository candidate interface com.example.demo.Repositories.HashTagRepository; If you want this repository to be a JDBC repository, consider annotating your entities with one of these annotations: org.springframework.data.relational.core.mapping.Table.

2024-03-31 13:31:05.005 [main] INFO  o.s.d.r.c.RepositoryConfigurationExtensionSupport - Spring Data JDBC - Could not safely identify store assignment for repository candidate interface com.example.demo.Repositories.LikeRepository; If you want this repository to be a JDBC repository, consider annotating your entities with one of these annotations: org.springframework.data.relational.core.mapping.Table.

2024-03-31 13:31:05.007 [main] INFO  o.s.d.r.c.RepositoryConfigurationExtensionSupport - Spring Data JDBC - Could not safely identify store assignment for repository candidate interface com.example.demo.Repositories.OrderItemRepository; If you want this repository to be a JDBC repository, consider annotating your entities with one of these annotations: org.springframework.data.relational.core.mapping.Table.

2024-03-31 13:31:05.010 [main] INFO  o.s.d.r.c.RepositoryConfigurationExtensionSupport - Spring Data JDBC - Could not safely identify store assignment for repository candidate interface com.example.demo.Repositories.OrderRepository; If you want this repository to be a JDBC repository, consider annotating your entities with one of these annotations: org.springframework.data.relational.core.mapping.Table.

2024-03-31 13:31:05.012 [main] INFO  o.s.d.r.c.RepositoryConfigurationExtensionSupport - Spring Data JDBC - Could not safely identify store assignment for repository candidate interface com.example.demo.Repositories.PasswordResetRepository; If you want this repository to be a JDBC repository, consider annotating your entities with one of these annotations: org.springframework.data.relational.core.mapping.Table.

2024-03-31 13:31:05.014 [main] INFO  o.s.d.r.c.RepositoryConfigurationExtensionSupport - Spring Data JDBC - Could not safely identify store assignment for repository candidate interface com.example.demo.Repositories.PersonalRepository; If you want this repository to be a JDBC repository, consider annotating your entities with one of these annotations: org.springframework.data.relational.core.mapping.Table.

2024-03-31 13:31:05.016 [main] INFO  o.s.d.r.c.RepositoryConfigurationExtensionSupport - Spring Data JDBC - Could not safely identify store assignment for repository candidate interface com.example.demo.Repositories.ProfileRepository; If you want this repository to be a JDBC repository, consider annotating your entities with one of these annotations: org.springframework.data.relational.core.mapping.Table.

2024-03-31 13:31:05.020 [main] INFO  o.s.d.r.c.RepositoryConfigurationExtensionSupport - Spring Data JDBC - Could not safely identify store assignment for repository candidate interface com.example.demo.Repositories.StoryRepository; If you want this repository to be a JDBC repository, consider annotating your entities with one of these annotations: org.springframework.data.relational.core.mapping.Table.

2024-03-31 13:31:05.024 [main] INFO  o.s.d.r.c.RepositoryConfigurationExtensionSupport - Spring Data JDBC - Could not safely identify store assignment for repository candidate interface com.example.demo.Repositories.TagRepository; If you want this repository to be a JDBC repository, consider annotating your entities with one of these annotations: org.springframework.data.relational.core.mapping.Table.

2024-03-31 13:31:05.027 [main] INFO  o.s.d.r.c.RepositoryConfigurationExtensionSupport - Spring Data JDBC - Could not safely identify store assignment for repository candidate interface com.example.demo.Repositories.TitleRepository; If you want this repository to be a JDBC repository, consider annotating your entities with one of these annotations: org.springframework.data.relational.core.mapping.Table.

2024-03-31 13:31:05.030 [main] INFO  o.s.d.r.c.RepositoryConfigurationExtensionSupport - Spring Data JDBC - Could not safely identify store assignment for repository candidate interface com.example.demo.Repositories.TopicEngageFeedsPreviousEndRepository; If you want this repository to be a JDBC repository, consider annotating your entities with one of these annotations: org.springframework.data.relational.core.mapping.Table.

2024-03-31 13:31:05.033 [main] INFO  o.s.d.r.c.RepositoryConfigurationExtensionSupport - Spring Data JDBC - Could not safely identify store assignment for repository candidate interface com.example.demo.Repositories.TopicEngagementRepository; If you want this repository to be a JDBC repository, consider annotating your entities with one of these annotations: org.springframework.data.relational.core.mapping.Table.

2024-03-31 13:31:05.035 [main] INFO  o.s.d.r.c.RepositoryConfigurationExtensionSupport - Spring Data JDBC - Could not safely identify store assignment for repository candidate interface com.example.demo.Repositories.UploadDataRepository; If you want this repository to be a JDBC repository, consider annotating your entities with one of these annotations: org.springframework.data.relational.core.mapping.Table.

2024-03-31 13:31:05.037 [main] INFO  o.s.d.r.c.RepositoryConfigurationExtensionSupport - Spring Data JDBC - Could not safely identify store assignment for repository candidate interface com.example.demo.Repositories.UserEngageFeedsPreviousEndRepository; If you want this repository to be a JDBC repository, consider annotating your entities with one of these annotations: org.springframework.data.relational.core.mapping.Table.

2024-03-31 13:31:05.042 [main] INFO  o.s.d.r.c.RepositoryConfigurationExtensionSupport - Spring Data JDBC - Could not safely identify store assignment for repository candidate interface com.example.demo.Repositories.UserEngagementRepository; If you want this repository to be a JDBC repository, consider annotating your entities with one of these annotations: org.springframework.data.relational.core.mapping.Table.

2024-03-31 13:31:05.044 [main] INFO  o.s.d.r.c.RepositoryConfigurationExtensionSupport - Spring Data JDBC - Could not safely identify store assignment for repository candidate interface com.example.demo.Repositories.UserPostRepository; If you want this repository to be a JDBC repository, consider annotating your entities with one of these annotations: org.springframework.data.relational.core.mapping.Table.

2024-03-31 13:31:05.046 [main] INFO  o.s.d.r.c.RepositoryConfigurationExtensionSupport - Spring Data JDBC - Could not safely identify store assignment for repository candidate interface com.example.demo.Repositories.UserRepository; If you want this repository to be a JDBC repository, consider annotating your entities with one of these annotations: org.springframework.data.relational.core.mapping.Table.

2024-03-31 13:31:05.048 [main] INFO  o.s.d.r.c.RepositoryConfigurationExtensionSupport - Spring Data JDBC - Could not safely identify store assignment for repository candidate interface com.example.demo.userChat.UserRepository2; If you want this repository to be a JDBC repository, consider annotating your entities with one of these annotations: org.springframework.data.relational.core.mapping.Table.

2024-03-31 13:31:05.050 [main] INFO  o.s.d.r.c.RepositoryConfigurationDelegate - Finished Spring Data repository scanning in 192 ms. Found 0 JDBC repository interfaces.

2024-03-31 13:31:05.067 [main] INFO  o.s.d.r.c.RepositoryConfigurationDelegate - Multiple Spring Data modules found, entering strict repository configuration mode

2024-03-31 13:31:05.069 [main] INFO  o.s.d.r.c.RepositoryConfigurationDelegate - Bootstrapping Spring Data JPA repositories in DEFAULT mode.

2024-03-31 13:31:05.326 [main] INFO  o.s.d.r.c.RepositoryConfigurationExtensionSupport - Spring Data JPA - Could not safely identify store assignment for repository candidate interface com.example.demo.Repositories.StoryRepository; If you want this repository to be a JPA repository, consider annotating your entities with one of these annotations: jakarta.persistence.Entity, jakarta.persistence.MappedSuperclass (preferred), or consider extending one of the following types with your repository: org.springframework.data.jpa.repository.JpaRepository

2024-03-31 13:31:05.428 [main] INFO  o.s.d.r.c.RepositoryConfigurationDelegate - Finished Spring Data repository scanning in 353 ms. Found 30 JPA repository interfaces.

2024-03-31 13:31:06.409 [main] INFO  o.s.b.w.e.tomcat.TomcatWebServer - Tomcat initialized with port 8081 (http)

2024-03-31 13:31:06.422 [main] INFO  o.a.coyote.http11.Http11NioProtocol - Initializing ProtocolHandler ["http-nio-192.168.1.46-8081"]

2024-03-31 13:31:06.424 [main] INFO  o.a.catalina.core.StandardService - Starting service [Tomcat]

2024-03-31 13:31:06.424 [main] INFO  o.a.catalina.core.StandardEngine - Starting Servlet engine: [Apache Tomcat/10.1.18]

2024-03-31 13:31:06.519 [main] INFO  o.a.c.c.C.[Tomcat].[localhost].[/] - Initializing Spring embedded WebApplicationContext

2024-03-31 13:31:06.520 [main] INFO  o.s.b.w.s.c.ServletWebServerApplicationContext - Root WebApplicationContext: initialization completed in 2937 ms

2024-03-31 13:31:06.683 [main] INFO  o.h.jpa.internal.util.LogHelper - HHH000204: Processing PersistenceUnitInfo [name: default]

2024-03-31 13:31:06.819 [main] INFO  org.hibernate.Version - HHH000412: Hibernate ORM core version 6.4.1.Final

2024-03-31 13:31:06.912 [main] INFO  o.h.c.i.RegionFactoryInitiator - HHH000026: Second-level cache disabled

2024-03-31 13:31:07.203 [main] INFO  o.s.o.j.p.SpringPersistenceUnitInfo - No LoadTimeWeaver setup: ignoring JPA class transformer

2024-03-31 13:31:07.236 [main] INFO  com.zaxxer.hikari.HikariDataSource - HikariPool-1 - Starting...

2024-03-31 13:31:07.432 [main] INFO  com.zaxxer.hikari.pool.HikariPool - HikariPool-1 - Added connection com.mysql.cj.jdbc.ConnectionImpl@78e043e4

2024-03-31 13:31:07.434 [main] INFO  com.zaxxer.hikari.HikariDataSource - HikariPool-1 - Start completed.

2024-03-31 13:31:07.463 [main] WARN  org.hibernate.orm.deprecation - HHH90000025: MySQL8Dialect does not need to be specified explicitly using 'hibernate.dialect' (remove the property setting and it will be selected by default)

2024-03-31 13:31:07.464 [main] WARN  org.hibernate.orm.deprecation - HHH90000026: MySQL8Dialect has been deprecated; use org.hibernate.dialect.MySQLDialect instead

2024-03-31 13:31:07.839 [main] WARN  o.h.boot.model.internal.EntityBinder - HHH000457: Joined inheritance hierarchy [com.example.demo.Models.UserManagement.Profile] defined explicit @DiscriminatorColumn.  Legacy Hibernate behavior was to ignore the @DiscriminatorColumn.  However, as part of issue HHH-6911 we now apply the explicit @DiscriminatorColumn.  If you would prefer the legacy behavior, enable the `hibernate.discriminator.ignore_explicit_for_joined` setting (hibernate.discriminator.ignore_explicit_for_joined=true)

2024-03-31 13:31:09.781 [main] INFO  o.h.e.t.j.p.i.JtaPlatformInitiator - HHH000489: No JTA platform available (set 'hibernate.transaction.jta.platform' to enable JTA platform integration)

2024-03-31 13:31:11.033 [main] INFO  o.s.o.j.LocalContainerEntityManagerFactoryBean - Initialized JPA EntityManagerFactory for persistence unit 'default'

2024-03-31 13:31:12.318 [main] INFO  o.s.d.j.r.query.QueryEnhancerFactory - JSqlParser is in classpath; If applicable, JSqlParser will be used

2024-03-31 13:31:12.318 [main] INFO  o.s.d.j.r.query.QueryEnhancerFactory - Hibernate is in classpath; If applicable, HQL parser will be used.

2024-03-31 13:31:18.865 [main] WARN  o.s.b.a.o.j.JpaBaseConfiguration$JpaWebConfiguration - spring.jpa.open-in-view is enabled by default. Therefore, database queries may be performed during view rendering. Explicitly configure spring.jpa.open-in-view to disable this warning

2024-03-31 13:31:19.152 [main] INFO  o.s.b.a.w.s.WelcomePageHandlerMapping - Adding welcome page: class path resource [static/index.html]

2024-03-31 13:31:19.330 [main] INFO  o.s.s.web.DefaultSecurityFilterChain - Will secure any request with [org.springframework.security.web.session.DisableEncodeUrlFilter@2f9a624c, org.springframework.security.web.context.request.async.WebAsyncManagerIntegrationFilter@39cdbc4e, org.springframework.security.web.context.SecurityContextHolderFilter@2c053537, org.springframework.security.web.header.HeaderWriterFilter@5e4b92b3, org.springframework.web.filter.CorsFilter@39a9b3ee, org.springframework.security.web.authentication.logout.LogoutFilter@49c83038, com.example.demo.Config.JwtAuthenticationFilter@45cce4c2, org.springframework.security.web.savedrequest.RequestCacheAwareFilter@57d354fc, org.springframework.security.web.servletapi.SecurityContextHolderAwareRequestFilter@3dc42f56, org.springframework.security.web.authentication.AnonymousAuthenticationFilter@4effe36a, org.springframework.security.web.session.SessionManagementFilter@381f0bf4, org.springframework.security.web.access.ExceptionTranslationFilter@7dc175c6, org.springframework.security.web.access.intercept.AuthorizationFilter@3e47d465]

2024-03-31 13:31:19.819 [main] INFO  o.a.coyote.http11.Http11NioProtocol - Starting ProtocolHandler ["http-nio-192.168.1.46-8081"]

2024-03-31 13:31:19.840 [main] INFO  o.s.b.w.e.tomcat.TomcatWebServer - Tomcat started on port 8081 (http) with context path ''

2024-03-31 13:31:19.842 [main] INFO  o.s.m.s.b.SimpleBrokerMessageHandler - Starting...

2024-03-31 13:31:19.843 [main] INFO  o.s.m.s.b.SimpleBrokerMessageHandler - BrokerAvailabilityEvent[available=true, SimpleBrokerMessageHandler [org.springframework.messaging.simp.broker.DefaultSubscriptionRegistry@2b4f99e5]]

2024-03-31 13:31:19.843 [main] INFO  o.s.m.s.b.SimpleBrokerMessageHandler - Started.

2024-03-31 13:31:19.847 [main] INFO  o.s.a.r.c.CachingConnectionFactory - Attempting to connect to: [192.168.1.46:5672]

2024-03-31 13:31:19.933 [main] INFO  o.s.a.r.c.CachingConnectionFactory - Created new connection: rabbitConnectionFactory#2a292566:0/SimpleConnection@3e00d115 [delegate=amqp://danda@192.168.1.46:5672/, localPort=7838]

2024-03-31 13:31:20.067 [main] INFO  com.example.demo.DemoApplication - Started DemoApplication in 17.03 seconds (process running for 17.793)

2024-03-31 13:32:19.800 [MessageBroker-1] INFO  o.s.w.s.c.WebSocketMessageBrokerStats - WebSocketSession[0 current WS(0)-HttpStream(0)-HttpPoll(0), 0 total, 0 closed abnormally (0 connect failure, 0 send limit, 0 transport error)], stompSubProtocol[processed CONNECT(0)-CONNECTED(0)-DISCONNECT(0)], stompBrokerRelay[null], inboundChannel[pool size = 0, active threads = 0, queued tasks = 0, completed tasks = 0], outboundChannel[pool size = 0, active threads = 0, queued tasks = 0, completed tasks = 0], sockJsScheduler[pool size = 1, active threads = 1, queued tasks = 0, completed tasks = 0]

2024-03-31 14:02:19.810 [MessageBroker-1] INFO  o.s.w.s.c.WebSocketMessageBrokerStats - WebSocketSession[0 current WS(0)-HttpStream(0)-HttpPoll(0), 0 total, 0 closed abnormally (0 connect failure, 0 send limit, 0 transport error)], stompSubProtocol[processed CONNECT(0)-CONNECTED(0)-DISCONNECT(0)], stompBrokerRelay[null], inboundChannel[pool size = 0, active threads = 0, queued tasks = 0, completed tasks = 0], outboundChannel[pool size = 0, active threads = 0, queued tasks = 0, completed tasks = 0], sockJsScheduler[pool size = 2, active threads = 1, queued tasks = 0, completed tasks = 1]

2024-03-31 14:03:21.514 [SpringApplicationShutdownHook] INFO  o.s.m.s.b.SimpleBrokerMessageHandler - Stopping...

2024-03-31 14:03:21.514 [SpringApplicationShutdownHook] INFO  o.s.m.s.b.SimpleBrokerMessageHandler - BrokerAvailabilityEvent[available=false, SimpleBrokerMessageHandler [org.springframework.messaging.simp.broker.DefaultSubscriptionRegistry@2b4f99e5]]

2024-03-31 14:03:21.514 [SpringApplicationShutdownHook] INFO  o.s.m.s.b.SimpleBrokerMessageHandler - Stopped.

2024-03-31 14:03:21.523 [org.springframework.amqp.rabbit.RabbitListenerEndpointContainer#0-2] INFO  o.s.a.r.l.SimpleMessageListenerContainer - Waiting for workers to finish.

2024-03-31 14:03:21.525 [org.springframework.amqp.rabbit.RabbitListenerEndpointContainer#1-2] INFO  o.s.a.r.l.SimpleMessageListenerContainer - Waiting for workers to finish.

2024-03-31 14:03:21.527 [org.springframework.amqp.rabbit.RabbitListenerEndpointContainer#2-2] INFO  o.s.a.r.l.SimpleMessageListenerContainer - Waiting for workers to finish.

2024-03-31 14:03:21.529 [org.springframework.amqp.rabbit.RabbitListenerEndpointContainer#3-2] INFO  o.s.a.r.l.SimpleMessageListenerContainer - Waiting for workers to finish.

2024-03-31 14:03:21.531 [org.springframework.amqp.rabbit.RabbitListenerEndpointContainer#4-2] INFO  o.s.a.r.l.SimpleMessageListenerContainer - Waiting for workers to finish.

2024-03-31 14:03:21.532 [org.springframework.amqp.rabbit.RabbitListenerEndpointContainer#5-2] INFO  o.s.a.r.l.SimpleMessageListenerContainer - Waiting for workers to finish.

2024-03-31 14:03:21.533 [org.springframework.amqp.rabbit.RabbitListenerEndpointContainer#6-2] INFO  o.s.a.r.l.SimpleMessageListenerContainer - Waiting for workers to finish.

2024-03-31 14:03:21.535 [org.springframework.amqp.rabbit.RabbitListenerEndpointContainer#7-2] INFO  o.s.a.r.l.SimpleMessageListenerContainer - Waiting for workers to finish.

2024-03-31 14:03:21.536 [org.springframework.amqp.rabbit.RabbitListenerEndpointContainer#8-2] INFO  o.s.a.r.l.SimpleMessageListenerContainer - Waiting for workers to finish.

2024-03-31 14:03:21.537 [org.springframework.amqp.rabbit.RabbitListenerEndpointContainer#9-2] INFO  o.s.a.r.l.SimpleMessageListenerContainer - Waiting for workers to finish.

2024-03-31 14:03:21.705 [org.springframework.amqp.rabbit.RabbitListenerEndpointContainer#5-2] INFO  o.s.a.r.l.SimpleMessageListenerContainer - Successfully waited for workers to finish.

2024-03-31 14:03:21.727 [org.springframework.amqp.rabbit.RabbitListenerEndpointContainer#0-2] INFO  o.s.a.r.l.SimpleMessageListenerContainer - Successfully waited for workers to finish.

2024-03-31 14:03:21.853 [org.springframework.amqp.rabbit.RabbitListenerEndpointContainer#7-2] INFO  o.s.a.r.l.SimpleMessageListenerContainer - Successfully waited for workers to finish.

2024-03-31 14:03:21.853 [org.springframework.amqp.rabbit.RabbitListenerEndpointContainer#2-2] INFO  o.s.a.r.l.SimpleMessageListenerContainer - Successfully waited for workers to finish.

2024-03-31 14:03:22.103 [org.springframework.amqp.rabbit.RabbitListenerEndpointContainer#8-2] INFO  o.s.a.r.l.SimpleMessageListenerContainer - Successfully waited for workers to finish.

2024-03-31 14:03:22.104 [org.springframework.amqp.rabbit.RabbitListenerEndpointContainer#4-2] INFO  o.s.a.r.l.SimpleMessageListenerContainer - Successfully waited for workers to finish.

2024-03-31 14:03:22.104 [org.springframework.amqp.rabbit.RabbitListenerEndpointContainer#1-2] INFO  o.s.a.r.l.SimpleMessageListenerContainer - Successfully waited for workers to finish.

2024-03-31 14:03:22.109 [org.springframework.amqp.rabbit.RabbitListenerEndpointContainer#3-2] INFO  o.s.a.r.l.SimpleMessageListenerContainer - Successfully waited for workers to finish.

2024-03-31 14:03:22.109 [org.springframework.amqp.rabbit.RabbitListenerEndpointContainer#6-2] INFO  o.s.a.r.l.SimpleMessageListenerContainer - Successfully waited for workers to finish.

2024-03-31 14:03:22.367 [org.springframework.amqp.rabbit.RabbitListenerEndpointContainer#9-2] INFO  o.s.a.r.l.SimpleMessageListenerContainer - Successfully waited for workers to finish.

2024-03-31 14:03:22.404 [SpringApplicationShutdownHook] INFO  o.s.o.j.LocalContainerEntityManagerFactoryBean - Closing JPA EntityManagerFactory for persistence unit 'default'

2024-03-31 14:03:22.407 [SpringApplicationShutdownHook] INFO  com.zaxxer.hikari.HikariDataSource - HikariPool-1 - Shutdown initiated...

2024-03-31 14:03:22.411 [SpringApplicationShutdownHook] INFO  com.zaxxer.hikari.HikariDataSource - HikariPool-1 - Shutdown completed.

