2024-04-01 18:02:34.631 [background-preinit] INFO  o.h.validator.internal.util.Version - HV000001: Hibernate Validator 8.0.1.Final

2024-04-01 18:02:34.923 [main] INFO  com.example.demo.DemoApplication - Starting DemoApplication using Java 21.0.2 with PID 15396 (D:\TestExploraRosa\target\classes started by Julius in D:\TestExploraRosa)

2024-04-01 18:02:34.924 [main] INFO  com.example.demo.DemoApplication - No active profile set, falling back to 1 default profile: "default"

2024-04-01 18:02:40.022 [main] INFO  o.s.d.r.c.RepositoryConfigurationDelegate - Multiple Spring Data modules found, entering strict repository configuration mode

2024-04-01 18:02:40.025 [main] INFO  o.s.d.r.c.RepositoryConfigurationDelegate - Bootstrapping Spring Data JDBC repositories in DEFAULT mode.

2024-04-01 18:02:40.226 [main] INFO  o.s.d.r.c.RepositoryConfigurationExtensionSupport - Spring Data JDBC - Could not safely identify store assignment for repository candidate interface com.example.demo.chatroom.ChatRoomRepository; If you want this repository to be a JDBC repository, consider annotating your entities with one of these annotations: org.springframework.data.relational.core.mapping.Table.

2024-04-01 18:02:40.239 [main] INFO  o.s.d.r.c.RepositoryConfigurationExtensionSupport - Spring Data JDBC - Could not safely identify store assignment for repository candidate interface com.example.demo.chat.ChatMessageRespository; If you want this repository to be a JDBC repository, consider annotating your entities with one of these annotations: org.springframework.data.relational.core.mapping.Table.

2024-04-01 18:02:40.252 [main] INFO  o.s.d.r.c.RepositoryConfigurationExtensionSupport - Spring Data JDBC - Could not safely identify store assignment for repository candidate interface com.example.demo.Repositories.AccountTypeRepository; If you want this repository to be a JDBC repository, consider annotating your entities with one of these annotations: org.springframework.data.relational.core.mapping.Table.

2024-04-01 18:02:40.265 [main] INFO  o.s.d.r.c.RepositoryConfigurationExtensionSupport - Spring Data JDBC - Could not safely identify store assignment for repository candidate interface com.example.demo.Repositories.BrandRepository; If you want this repository to be a JDBC repository, consider annotating your entities with one of these annotations: org.springframework.data.relational.core.mapping.Table.

2024-04-01 18:02:40.270 [main] INFO  o.s.d.r.c.RepositoryConfigurationExtensionSupport - Spring Data JDBC - Could not safely identify store assignment for repository candidate interface com.example.demo.Repositories.BusinessCategoryRepository; If you want this repository to be a JDBC repository, consider annotating your entities with one of these annotations: org.springframework.data.relational.core.mapping.Table.

2024-04-01 18:02:40.274 [main] INFO  o.s.d.r.c.RepositoryConfigurationExtensionSupport - Spring Data JDBC - Could not safely identify store assignment for repository candidate interface com.example.demo.Repositories.CartItemRepository; If you want this repository to be a JDBC repository, consider annotating your entities with one of these annotations: org.springframework.data.relational.core.mapping.Table.

2024-04-01 18:02:40.283 [main] INFO  o.s.d.r.c.RepositoryConfigurationExtensionSupport - Spring Data JDBC - Could not safely identify store assignment for repository candidate interface com.example.demo.Repositories.CartRepository; If you want this repository to be a JDBC repository, consider annotating your entities with one of these annotations: org.springframework.data.relational.core.mapping.Table.

2024-04-01 18:02:40.285 [main] INFO  o.s.d.r.c.RepositoryConfigurationExtensionSupport - Spring Data JDBC - Could not safely identify store assignment for repository candidate interface com.example.demo.Repositories.CityRepository; If you want this repository to be a JDBC repository, consider annotating your entities with one of these annotations: org.springframework.data.relational.core.mapping.Table.

2024-04-01 18:02:40.288 [main] INFO  o.s.d.r.c.RepositoryConfigurationExtensionSupport - Spring Data JDBC - Could not safely identify store assignment for repository candidate interface com.example.demo.Repositories.CommentRepository; If you want this repository to be a JDBC repository, consider annotating your entities with one of these annotations: org.springframework.data.relational.core.mapping.Table.

2024-04-01 18:02:40.299 [main] INFO  o.s.d.r.c.RepositoryConfigurationExtensionSupport - Spring Data JDBC - Could not safely identify store assignment for repository candidate interface com.example.demo.Repositories.CountryRepository; If you want this repository to be a JDBC repository, consider annotating your entities with one of these annotations: org.springframework.data.relational.core.mapping.Table.

2024-04-01 18:02:40.303 [main] INFO  o.s.d.r.c.RepositoryConfigurationExtensionSupport - Spring Data JDBC - Could not safely identify store assignment for repository candidate interface com.example.demo.Repositories.FavoritesRepository; If you want this repository to be a JDBC repository, consider annotating your entities with one of these annotations: org.springframework.data.relational.core.mapping.Table.

2024-04-01 18:02:40.314 [main] INFO  o.s.d.r.c.RepositoryConfigurationExtensionSupport - Spring Data JDBC - Could not safely identify store assignment for repository candidate interface com.example.demo.Repositories.FollowUnFollowRepository; If you want this repository to be a JDBC repository, consider annotating your entities with one of these annotations: org.springframework.data.relational.core.mapping.Table.

2024-04-01 18:02:40.317 [main] INFO  o.s.d.r.c.RepositoryConfigurationExtensionSupport - Spring Data JDBC - Could not safely identify store assignment for repository candidate interface com.example.demo.Repositories.GlobalDBStartPointRepository; If you want this repository to be a JDBC repository, consider annotating your entities with one of these annotations: org.springframework.data.relational.core.mapping.Table.

2024-04-01 18:02:40.323 [main] INFO  o.s.d.r.c.RepositoryConfigurationExtensionSupport - Spring Data JDBC - Could not safely identify store assignment for repository candidate interface com.example.demo.Repositories.HashTagRepository; If you want this repository to be a JDBC repository, consider annotating your entities with one of these annotations: org.springframework.data.relational.core.mapping.Table.

2024-04-01 18:02:40.330 [main] INFO  o.s.d.r.c.RepositoryConfigurationExtensionSupport - Spring Data JDBC - Could not safely identify store assignment for repository candidate interface com.example.demo.Repositories.LikeRepository; If you want this repository to be a JDBC repository, consider annotating your entities with one of these annotations: org.springframework.data.relational.core.mapping.Table.

2024-04-01 18:02:40.333 [main] INFO  o.s.d.r.c.RepositoryConfigurationExtensionSupport - Spring Data JDBC - Could not safely identify store assignment for repository candidate interface com.example.demo.Repositories.OrderItemRepository; If you want this repository to be a JDBC repository, consider annotating your entities with one of these annotations: org.springframework.data.relational.core.mapping.Table.

2024-04-01 18:02:40.336 [main] INFO  o.s.d.r.c.RepositoryConfigurationExtensionSupport - Spring Data JDBC - Could not safely identify store assignment for repository candidate interface com.example.demo.Repositories.OrderRepository; If you want this repository to be a JDBC repository, consider annotating your entities with one of these annotations: org.springframework.data.relational.core.mapping.Table.

2024-04-01 18:02:40.338 [main] INFO  o.s.d.r.c.RepositoryConfigurationExtensionSupport - Spring Data JDBC - Could not safely identify store assignment for repository candidate interface com.example.demo.Repositories.PasswordResetRepository; If you want this repository to be a JDBC repository, consider annotating your entities with one of these annotations: org.springframework.data.relational.core.mapping.Table.

2024-04-01 18:02:40.348 [main] INFO  o.s.d.r.c.RepositoryConfigurationExtensionSupport - Spring Data JDBC - Could not safely identify store assignment for repository candidate interface com.example.demo.Repositories.PersonalRepository; If you want this repository to be a JDBC repository, consider annotating your entities with one of these annotations: org.springframework.data.relational.core.mapping.Table.

2024-04-01 18:02:40.350 [main] INFO  o.s.d.r.c.RepositoryConfigurationExtensionSupport - Spring Data JDBC - Could not safely identify store assignment for repository candidate interface com.example.demo.Repositories.ProfileRepository; If you want this repository to be a JDBC repository, consider annotating your entities with one of these annotations: org.springframework.data.relational.core.mapping.Table.

2024-04-01 18:02:40.353 [main] INFO  o.s.d.r.c.RepositoryConfigurationExtensionSupport - Spring Data JDBC - Could not safely identify store assignment for repository candidate interface com.example.demo.Repositories.StoryRepository; If you want this repository to be a JDBC repository, consider annotating your entities with one of these annotations: org.springframework.data.relational.core.mapping.Table.

2024-04-01 18:02:40.356 [main] INFO  o.s.d.r.c.RepositoryConfigurationExtensionSupport - Spring Data JDBC - Could not safely identify store assignment for repository candidate interface com.example.demo.Repositories.TagRepository; If you want this repository to be a JDBC repository, consider annotating your entities with one of these annotations: org.springframework.data.relational.core.mapping.Table.

2024-04-01 18:02:40.359 [main] INFO  o.s.d.r.c.RepositoryConfigurationExtensionSupport - Spring Data JDBC - Could not safely identify store assignment for repository candidate interface com.example.demo.Repositories.TitleRepository; If you want this repository to be a JDBC repository, consider annotating your entities with one of these annotations: org.springframework.data.relational.core.mapping.Table.

2024-04-01 18:02:40.367 [main] INFO  o.s.d.r.c.RepositoryConfigurationExtensionSupport - Spring Data JDBC - Could not safely identify store assignment for repository candidate interface com.example.demo.Repositories.TopicEngageFeedsPreviousEndRepository; If you want this repository to be a JDBC repository, consider annotating your entities with one of these annotations: org.springframework.data.relational.core.mapping.Table.

2024-04-01 18:02:40.369 [main] INFO  o.s.d.r.c.RepositoryConfigurationExtensionSupport - Spring Data JDBC - Could not safely identify store assignment for repository candidate interface com.example.demo.Repositories.TopicEngagementRepository; If you want this repository to be a JDBC repository, consider annotating your entities with one of these annotations: org.springframework.data.relational.core.mapping.Table.

2024-04-01 18:02:40.372 [main] INFO  o.s.d.r.c.RepositoryConfigurationExtensionSupport - Spring Data JDBC - Could not safely identify store assignment for repository candidate interface com.example.demo.Repositories.UploadDataRepository; If you want this repository to be a JDBC repository, consider annotating your entities with one of these annotations: org.springframework.data.relational.core.mapping.Table.

2024-04-01 18:02:40.382 [main] INFO  o.s.d.r.c.RepositoryConfigurationExtensionSupport - Spring Data JDBC - Could not safely identify store assignment for repository candidate interface com.example.demo.Repositories.UserEngageFeedsPreviousEndRepository; If you want this repository to be a JDBC repository, consider annotating your entities with one of these annotations: org.springframework.data.relational.core.mapping.Table.

2024-04-01 18:02:40.388 [main] INFO  o.s.d.r.c.RepositoryConfigurationExtensionSupport - Spring Data JDBC - Could not safely identify store assignment for repository candidate interface com.example.demo.Repositories.UserEngagementRepository; If you want this repository to be a JDBC repository, consider annotating your entities with one of these annotations: org.springframework.data.relational.core.mapping.Table.

2024-04-01 18:02:40.397 [main] INFO  o.s.d.r.c.RepositoryConfigurationExtensionSupport - Spring Data JDBC - Could not safely identify store assignment for repository candidate interface com.example.demo.Repositories.UserPostRepository; If you want this repository to be a JDBC repository, consider annotating your entities with one of these annotations: org.springframework.data.relational.core.mapping.Table.

2024-04-01 18:02:40.402 [main] INFO  o.s.d.r.c.RepositoryConfigurationExtensionSupport - Spring Data JDBC - Could not safely identify store assignment for repository candidate interface com.example.demo.Repositories.UserRepository; If you want this repository to be a JDBC repository, consider annotating your entities with one of these annotations: org.springframework.data.relational.core.mapping.Table.

2024-04-01 18:02:40.407 [main] INFO  o.s.d.r.c.RepositoryConfigurationExtensionSupport - Spring Data JDBC - Could not safely identify store assignment for repository candidate interface com.example.demo.userChat.UserRepository2; If you want this repository to be a JDBC repository, consider annotating your entities with one of these annotations: org.springframework.data.relational.core.mapping.Table.

2024-04-01 18:02:40.422 [main] INFO  o.s.d.r.c.RepositoryConfigurationDelegate - Finished Spring Data repository scanning in 382 ms. Found 0 JDBC repository interfaces.

2024-04-01 18:02:40.516 [main] INFO  o.s.d.r.c.RepositoryConfigurationDelegate - Multiple Spring Data modules found, entering strict repository configuration mode

2024-04-01 18:02:40.520 [main] INFO  o.s.d.r.c.RepositoryConfigurationDelegate - Bootstrapping Spring Data JPA repositories in DEFAULT mode.

2024-04-01 18:02:41.830 [main] INFO  o.s.d.r.c.RepositoryConfigurationExtensionSupport - Spring Data JPA - Could not safely identify store assignment for repository candidate interface com.example.demo.Repositories.StoryRepository; If you want this repository to be a JPA repository, consider annotating your entities with one of these annotations: jakarta.persistence.Entity, jakarta.persistence.MappedSuperclass (preferred), or consider extending one of the following types with your repository: org.springframework.data.jpa.repository.JpaRepository

2024-04-01 18:02:42.810 [main] INFO  o.s.d.r.c.RepositoryConfigurationDelegate - Finished Spring Data repository scanning in 2210 ms. Found 30 JPA repository interfaces.

2024-04-01 18:02:46.820 [main] INFO  o.s.b.w.e.tomcat.TomcatWebServer - Tomcat initialized with port 8081 (http)

2024-04-01 18:02:46.885 [main] INFO  o.a.coyote.http11.Http11NioProtocol - Initializing ProtocolHandler ["http-nio-192.168.1.46-8081"]

2024-04-01 18:02:46.889 [main] INFO  o.a.catalina.core.StandardService - Starting service [Tomcat]

2024-04-01 18:02:46.890 [main] INFO  o.a.catalina.core.StandardEngine - Starting Servlet engine: [Apache Tomcat/10.1.18]

2024-04-01 18:02:47.368 [main] INFO  o.a.c.c.C.[Tomcat].[localhost].[/] - Initializing Spring embedded WebApplicationContext

2024-04-01 18:02:47.369 [main] INFO  o.s.b.w.s.c.ServletWebServerApplicationContext - Root WebApplicationContext: initialization completed in 12352 ms

2024-04-01 18:02:48.832 [main] INFO  o.h.jpa.internal.util.LogHelper - HHH000204: Processing PersistenceUnitInfo [name: default]

2024-04-01 18:02:50.017 [main] INFO  org.hibernate.Version - HHH000412: Hibernate ORM core version 6.4.1.Final

2024-04-01 18:02:50.417 [main] INFO  o.h.c.i.RegionFactoryInitiator - HHH000026: Second-level cache disabled

2024-04-01 18:02:52.653 [main] INFO  o.s.o.j.p.SpringPersistenceUnitInfo - No LoadTimeWeaver setup: ignoring JPA class transformer

2024-04-01 18:02:52.750 [main] INFO  com.zaxxer.hikari.HikariDataSource - HikariPool-1 - Starting...

2024-04-01 18:02:53.332 [main] INFO  com.zaxxer.hikari.pool.HikariPool - HikariPool-1 - Added connection com.mysql.cj.jdbc.ConnectionImpl@644947ee

2024-04-01 18:02:53.336 [main] INFO  com.zaxxer.hikari.HikariDataSource - HikariPool-1 - Start completed.

2024-04-01 18:02:53.417 [main] WARN  org.hibernate.orm.deprecation - HHH90000025: MySQL8Dialect does not need to be specified explicitly using 'hibernate.dialect' (remove the property setting and it will be selected by default)

2024-04-01 18:02:53.420 [main] WARN  org.hibernate.orm.deprecation - HHH90000026: MySQL8Dialect has been deprecated; use org.hibernate.dialect.MySQLDialect instead

2024-04-01 18:02:55.873 [main] WARN  o.h.boot.model.internal.EntityBinder - HHH000457: Joined inheritance hierarchy [com.example.demo.Models.UserManagement.Profile] defined explicit @DiscriminatorColumn.  Legacy Hibernate behavior was to ignore the @DiscriminatorColumn.  However, as part of issue HHH-6911 we now apply the explicit @DiscriminatorColumn.  If you would prefer the legacy behavior, enable the `hibernate.discriminator.ignore_explicit_for_joined` setting (hibernate.discriminator.ignore_explicit_for_joined=true)

2024-04-01 18:03:06.187 [main] INFO  o.h.e.t.j.p.i.JtaPlatformInitiator - HHH000489: No JTA platform available (set 'hibernate.transaction.jta.platform' to enable JTA platform integration)

2024-04-01 18:03:16.245 [main] INFO  o.s.o.j.LocalContainerEntityManagerFactoryBean - Initialized JPA EntityManagerFactory for persistence unit 'default'

2024-04-01 18:03:45.662 [main] INFO  o.s.d.j.r.query.QueryEnhancerFactory - JSqlParser is in classpath; If applicable, JSqlParser will be used

2024-04-01 18:03:45.663 [main] INFO  o.s.d.j.r.query.QueryEnhancerFactory - Hibernate is in classpath; If applicable, HQL parser will be used.

2024-04-01 18:03:53.176 [main] WARN  o.s.b.w.s.c.AnnotationConfigServletWebServerApplicationContext - Exception encountered during context initialization - cancelling refresh attempt: org.springframework.beans.factory.BeanCreationException: Error creating bean with name 'accountTypeController': Lookup method resolution failed

2024-04-01 18:03:53.181 [main] INFO  o.s.o.j.LocalContainerEntityManagerFactoryBean - Closing JPA EntityManagerFactory for persistence unit 'default'

2024-04-01 18:03:53.184 [main] INFO  com.zaxxer.hikari.HikariDataSource - HikariPool-1 - Shutdown initiated...

2024-04-01 18:03:53.304 [main] INFO  com.zaxxer.hikari.HikariDataSource - HikariPool-1 - Shutdown completed.

2024-04-01 18:03:53.306 [main] INFO  o.a.catalina.core.StandardService - Stopping service [Tomcat]

2024-04-01 18:03:53.334 [main] INFO  o.s.b.a.l.ConditionEvaluationReportLogger - 

Error starting ApplicationContext. To display the condition evaluation report re-run your application with 'debug' enabled.

2024-04-01 18:03:53.423 [main] ERROR o.s.boot.SpringApplication - Application run failed

org.springframework.beans.factory.BeanCreationException: Error creating bean with name 'accountTypeController': Lookup method resolution failed
	at org.springframework.beans.factory.annotation.AutowiredAnnotationBeanPostProcessor.checkLookupMethods(AutowiredAnnotationBeanPostProcessor.java:497)
	at org.springframework.beans.factory.annotation.AutowiredAnnotationBeanPostProcessor.determineCandidateConstructors(AutowiredAnnotationBeanPostProcessor.java:367)
	at org.springframework.beans.factory.support.AbstractAutowireCapableBeanFactory.determineConstructorsFromBeanPostProcessors(AbstractAutowireCapableBeanFactory.java:1293)
	at org.springframework.beans.factory.support.AbstractAutowireCapableBeanFactory.createBeanInstance(AbstractAutowireCapableBeanFactory.java:1188)
	at org.springframework.beans.factory.support.AbstractAutowireCapableBeanFactory.doCreateBean(AbstractAutowireCapableBeanFactory.java:561)
	at org.springframework.beans.factory.support.AbstractAutowireCapableBeanFactory.createBean(AbstractAutowireCapableBeanFactory.java:521)
	at org.springframework.beans.factory.support.AbstractBeanFactory.lambda$doGetBean$0(AbstractBeanFactory.java:325)
	at org.springframework.beans.factory.support.DefaultSingletonBeanRegistry.getSingleton(DefaultSingletonBeanRegistry.java:234)
	at org.springframework.beans.factory.support.AbstractBeanFactory.doGetBean(AbstractBeanFactory.java:323)
	at org.springframework.beans.factory.support.AbstractBeanFactory.getBean(AbstractBeanFactory.java:199)
	at org.springframework.beans.factory.support.DefaultListableBeanFactory.preInstantiateSingletons(DefaultListableBeanFactory.java:975)
	at org.springframework.context.support.AbstractApplicationContext.finishBeanFactoryInitialization(AbstractApplicationContext.java:959)
	at org.springframework.context.support.AbstractApplicationContext.refresh(AbstractApplicationContext.java:624)
	at org.springframework.boot.web.servlet.context.ServletWebServerApplicationContext.refresh(ServletWebServerApplicationContext.java:146)
	at org.springframework.boot.SpringApplication.refresh(SpringApplication.java:754)
	at org.springframework.boot.SpringApplication.refreshContext(SpringApplication.java:456)
	at org.springframework.boot.SpringApplication.run(SpringApplication.java:334)
	at org.springframework.boot.SpringApplication.run(SpringApplication.java:1354)
	at org.springframework.boot.SpringApplication.run(SpringApplication.java:1343)
	at com.example.demo.DemoApplication.main(DemoApplication.java:12)
Caused by: java.lang.IllegalStateException: Failed to introspect Class [com.example.demo.Controllers.AccountType.AccountTypeController] from ClassLoader [jdk.internal.loader.ClassLoaders$AppClassLoader@33909752]
	at org.springframework.util.ReflectionUtils.getDeclaredMethods(ReflectionUtils.java:483)
	at org.springframework.util.ReflectionUtils.doWithLocalMethods(ReflectionUtils.java:320)
	at org.springframework.beans.factory.annotation.AutowiredAnnotationBeanPostProcessor.checkLookupMethods(AutowiredAnnotationBeanPostProcessor.java:475)
	... 19 common frames omitted
Caused by: java.lang.NoClassDefFoundError: com/example/demo/InputDto/AccountTypeDto
	at java.base/java.lang.Class.getDeclaredMethods0(Native Method)
	at java.base/java.lang.Class.privateGetDeclaredMethods(Class.java:3578)
	at java.base/java.lang.Class.getDeclaredMethods(Class.java:2676)
	at org.springframework.util.ReflectionUtils.getDeclaredMethods(ReflectionUtils.java:465)
	... 21 common frames omitted
Caused by: java.lang.ClassNotFoundException: com.example.demo.InputDto.AccountTypeDto
	at java.base/jdk.internal.loader.BuiltinClassLoader.loadClass(BuiltinClassLoader.java:641)
	at java.base/jdk.internal.loader.ClassLoaders$AppClassLoader.loadClass(ClassLoaders.java:188)
	at java.base/java.lang.ClassLoader.loadClass(ClassLoader.java:526)
	... 25 common frames omitted
2024-04-01 18:05:10.265 [background-preinit] INFO  o.h.validator.internal.util.Version - HV000001: Hibernate Validator 8.0.1.Final

2024-04-01 18:05:10.350 [main] INFO  com.example.demo.DemoApplication - Starting DemoApplication using Java 21.0.2 with PID 4340 (D:\TestExploraRosa\target\classes started by Julius in D:\TestExploraRosa)

2024-04-01 18:05:10.351 [main] INFO  com.example.demo.DemoApplication - No active profile set, falling back to 1 default profile: "default"

2024-04-01 18:05:11.612 [main] INFO  o.s.d.r.c.RepositoryConfigurationDelegate - Multiple Spring Data modules found, entering strict repository configuration mode

2024-04-01 18:05:11.613 [main] INFO  o.s.d.r.c.RepositoryConfigurationDelegate - Bootstrapping Spring Data JDBC repositories in DEFAULT mode.

2024-04-01 18:05:11.685 [main] INFO  o.s.d.r.c.RepositoryConfigurationExtensionSupport - Spring Data JDBC - Could not safely identify store assignment for repository candidate interface com.example.demo.chatroom.ChatRoomRepository; If you want this repository to be a JDBC repository, consider annotating your entities with one of these annotations: org.springframework.data.relational.core.mapping.Table.

2024-04-01 18:05:11.686 [main] INFO  o.s.d.r.c.RepositoryConfigurationExtensionSupport - Spring Data JDBC - Could not safely identify store assignment for repository candidate interface com.example.demo.chat.ChatMessageRespository; If you want this repository to be a JDBC repository, consider annotating your entities with one of these annotations: org.springframework.data.relational.core.mapping.Table.

2024-04-01 18:05:11.691 [main] INFO  o.s.d.r.c.RepositoryConfigurationExtensionSupport - Spring Data JDBC - Could not safely identify store assignment for repository candidate interface com.example.demo.Repositories.AccountTypeRepository; If you want this repository to be a JDBC repository, consider annotating your entities with one of these annotations: org.springframework.data.relational.core.mapping.Table.

2024-04-01 18:05:11.696 [main] INFO  o.s.d.r.c.RepositoryConfigurationExtensionSupport - Spring Data JDBC - Could not safely identify store assignment for repository candidate interface com.example.demo.Repositories.BrandRepository; If you want this repository to be a JDBC repository, consider annotating your entities with one of these annotations: org.springframework.data.relational.core.mapping.Table.

2024-04-01 18:05:11.699 [main] INFO  o.s.d.r.c.RepositoryConfigurationExtensionSupport - Spring Data JDBC - Could not safely identify store assignment for repository candidate interface com.example.demo.Repositories.BusinessCategoryRepository; If you want this repository to be a JDBC repository, consider annotating your entities with one of these annotations: org.springframework.data.relational.core.mapping.Table.

2024-04-01 18:05:11.701 [main] INFO  o.s.d.r.c.RepositoryConfigurationExtensionSupport - Spring Data JDBC - Could not safely identify store assignment for repository candidate interface com.example.demo.Repositories.CartItemRepository; If you want this repository to be a JDBC repository, consider annotating your entities with one of these annotations: org.springframework.data.relational.core.mapping.Table.

2024-04-01 18:05:11.703 [main] INFO  o.s.d.r.c.RepositoryConfigurationExtensionSupport - Spring Data JDBC - Could not safely identify store assignment for repository candidate interface com.example.demo.Repositories.CartRepository; If you want this repository to be a JDBC repository, consider annotating your entities with one of these annotations: org.springframework.data.relational.core.mapping.Table.

2024-04-01 18:05:11.704 [main] INFO  o.s.d.r.c.RepositoryConfigurationExtensionSupport - Spring Data JDBC - Could not safely identify store assignment for repository candidate interface com.example.demo.Repositories.CityRepository; If you want this repository to be a JDBC repository, consider annotating your entities with one of these annotations: org.springframework.data.relational.core.mapping.Table.

2024-04-01 18:05:11.706 [main] INFO  o.s.d.r.c.RepositoryConfigurationExtensionSupport - Spring Data JDBC - Could not safely identify store assignment for repository candidate interface com.example.demo.Repositories.CommentRepository; If you want this repository to be a JDBC repository, consider annotating your entities with one of these annotations: org.springframework.data.relational.core.mapping.Table.

2024-04-01 18:05:11.708 [main] INFO  o.s.d.r.c.RepositoryConfigurationExtensionSupport - Spring Data JDBC - Could not safely identify store assignment for repository candidate interface com.example.demo.Repositories.CountryRepository; If you want this repository to be a JDBC repository, consider annotating your entities with one of these annotations: org.springframework.data.relational.core.mapping.Table.

2024-04-01 18:05:11.710 [main] INFO  o.s.d.r.c.RepositoryConfigurationExtensionSupport - Spring Data JDBC - Could not safely identify store assignment for repository candidate interface com.example.demo.Repositories.FavoritesRepository; If you want this repository to be a JDBC repository, consider annotating your entities with one of these annotations: org.springframework.data.relational.core.mapping.Table.

2024-04-01 18:05:11.712 [main] INFO  o.s.d.r.c.RepositoryConfigurationExtensionSupport - Spring Data JDBC - Could not safely identify store assignment for repository candidate interface com.example.demo.Repositories.FollowUnFollowRepository; If you want this repository to be a JDBC repository, consider annotating your entities with one of these annotations: org.springframework.data.relational.core.mapping.Table.

2024-04-01 18:05:11.714 [main] INFO  o.s.d.r.c.RepositoryConfigurationExtensionSupport - Spring Data JDBC - Could not safely identify store assignment for repository candidate interface com.example.demo.Repositories.GlobalDBStartPointRepository; If you want this repository to be a JDBC repository, consider annotating your entities with one of these annotations: org.springframework.data.relational.core.mapping.Table.

2024-04-01 18:05:11.716 [main] INFO  o.s.d.r.c.RepositoryConfigurationExtensionSupport - Spring Data JDBC - Could not safely identify store assignment for repository candidate interface com.example.demo.Repositories.HashTagRepository; If you want this repository to be a JDBC repository, consider annotating your entities with one of these annotations: org.springframework.data.relational.core.mapping.Table.

2024-04-01 18:05:11.719 [main] INFO  o.s.d.r.c.RepositoryConfigurationExtensionSupport - Spring Data JDBC - Could not safely identify store assignment for repository candidate interface com.example.demo.Repositories.LikeRepository; If you want this repository to be a JDBC repository, consider annotating your entities with one of these annotations: org.springframework.data.relational.core.mapping.Table.

2024-04-01 18:05:11.722 [main] INFO  o.s.d.r.c.RepositoryConfigurationExtensionSupport - Spring Data JDBC - Could not safely identify store assignment for repository candidate interface com.example.demo.Repositories.OrderItemRepository; If you want this repository to be a JDBC repository, consider annotating your entities with one of these annotations: org.springframework.data.relational.core.mapping.Table.

2024-04-01 18:05:11.723 [main] INFO  o.s.d.r.c.RepositoryConfigurationExtensionSupport - Spring Data JDBC - Could not safely identify store assignment for repository candidate interface com.example.demo.Repositories.OrderRepository; If you want this repository to be a JDBC repository, consider annotating your entities with one of these annotations: org.springframework.data.relational.core.mapping.Table.

2024-04-01 18:05:11.725 [main] INFO  o.s.d.r.c.RepositoryConfigurationExtensionSupport - Spring Data JDBC - Could not safely identify store assignment for repository candidate interface com.example.demo.Repositories.PasswordResetRepository; If you want this repository to be a JDBC repository, consider annotating your entities with one of these annotations: org.springframework.data.relational.core.mapping.Table.

2024-04-01 18:05:11.727 [main] INFO  o.s.d.r.c.RepositoryConfigurationExtensionSupport - Spring Data JDBC - Could not safely identify store assignment for repository candidate interface com.example.demo.Repositories.PersonalRepository; If you want this repository to be a JDBC repository, consider annotating your entities with one of these annotations: org.springframework.data.relational.core.mapping.Table.

2024-04-01 18:05:11.728 [main] INFO  o.s.d.r.c.RepositoryConfigurationExtensionSupport - Spring Data JDBC - Could not safely identify store assignment for repository candidate interface com.example.demo.Repositories.ProfileRepository; If you want this repository to be a JDBC repository, consider annotating your entities with one of these annotations: org.springframework.data.relational.core.mapping.Table.

2024-04-01 18:05:11.730 [main] INFO  o.s.d.r.c.RepositoryConfigurationExtensionSupport - Spring Data JDBC - Could not safely identify store assignment for repository candidate interface com.example.demo.Repositories.StoryRepository; If you want this repository to be a JDBC repository, consider annotating your entities with one of these annotations: org.springframework.data.relational.core.mapping.Table.

2024-04-01 18:05:11.732 [main] INFO  o.s.d.r.c.RepositoryConfigurationExtensionSupport - Spring Data JDBC - Could not safely identify store assignment for repository candidate interface com.example.demo.Repositories.TagRepository; If you want this repository to be a JDBC repository, consider annotating your entities with one of these annotations: org.springframework.data.relational.core.mapping.Table.

2024-04-01 18:05:11.734 [main] INFO  o.s.d.r.c.RepositoryConfigurationExtensionSupport - Spring Data JDBC - Could not safely identify store assignment for repository candidate interface com.example.demo.Repositories.TitleRepository; If you want this repository to be a JDBC repository, consider annotating your entities with one of these annotations: org.springframework.data.relational.core.mapping.Table.

2024-04-01 18:05:11.736 [main] INFO  o.s.d.r.c.RepositoryConfigurationExtensionSupport - Spring Data JDBC - Could not safely identify store assignment for repository candidate interface com.example.demo.Repositories.TopicEngageFeedsPreviousEndRepository; If you want this repository to be a JDBC repository, consider annotating your entities with one of these annotations: org.springframework.data.relational.core.mapping.Table.

2024-04-01 18:05:11.738 [main] INFO  o.s.d.r.c.RepositoryConfigurationExtensionSupport - Spring Data JDBC - Could not safely identify store assignment for repository candidate interface com.example.demo.Repositories.TopicEngagementRepository; If you want this repository to be a JDBC repository, consider annotating your entities with one of these annotations: org.springframework.data.relational.core.mapping.Table.

2024-04-01 18:05:11.740 [main] INFO  o.s.d.r.c.RepositoryConfigurationExtensionSupport - Spring Data JDBC - Could not safely identify store assignment for repository candidate interface com.example.demo.Repositories.UploadDataRepository; If you want this repository to be a JDBC repository, consider annotating your entities with one of these annotations: org.springframework.data.relational.core.mapping.Table.

2024-04-01 18:05:11.743 [main] INFO  o.s.d.r.c.RepositoryConfigurationExtensionSupport - Spring Data JDBC - Could not safely identify store assignment for repository candidate interface com.example.demo.Repositories.UserEngageFeedsPreviousEndRepository; If you want this repository to be a JDBC repository, consider annotating your entities with one of these annotations: org.springframework.data.relational.core.mapping.Table.

2024-04-01 18:05:11.747 [main] INFO  o.s.d.r.c.RepositoryConfigurationExtensionSupport - Spring Data JDBC - Could not safely identify store assignment for repository candidate interface com.example.demo.Repositories.UserEngagementRepository; If you want this repository to be a JDBC repository, consider annotating your entities with one of these annotations: org.springframework.data.relational.core.mapping.Table.

2024-04-01 18:05:11.750 [main] INFO  o.s.d.r.c.RepositoryConfigurationExtensionSupport - Spring Data JDBC - Could not safely identify store assignment for repository candidate interface com.example.demo.Repositories.UserPostRepository; If you want this repository to be a JDBC repository, consider annotating your entities with one of these annotations: org.springframework.data.relational.core.mapping.Table.

2024-04-01 18:05:11.752 [main] INFO  o.s.d.r.c.RepositoryConfigurationExtensionSupport - Spring Data JDBC - Could not safely identify store assignment for repository candidate interface com.example.demo.Repositories.UserRepository; If you want this repository to be a JDBC repository, consider annotating your entities with one of these annotations: org.springframework.data.relational.core.mapping.Table.

2024-04-01 18:05:11.754 [main] INFO  o.s.d.r.c.RepositoryConfigurationExtensionSupport - Spring Data JDBC - Could not safely identify store assignment for repository candidate interface com.example.demo.userChat.UserRepository2; If you want this repository to be a JDBC repository, consider annotating your entities with one of these annotations: org.springframework.data.relational.core.mapping.Table.

2024-04-01 18:05:11.755 [main] INFO  o.s.d.r.c.RepositoryConfigurationDelegate - Finished Spring Data repository scanning in 137 ms. Found 0 JDBC repository interfaces.

2024-04-01 18:05:11.766 [main] INFO  o.s.d.r.c.RepositoryConfigurationDelegate - Multiple Spring Data modules found, entering strict repository configuration mode

2024-04-01 18:05:11.767 [main] INFO  o.s.d.r.c.RepositoryConfigurationDelegate - Bootstrapping Spring Data JPA repositories in DEFAULT mode.

2024-04-01 18:05:11.905 [main] INFO  o.s.d.r.c.RepositoryConfigurationExtensionSupport - Spring Data JPA - Could not safely identify store assignment for repository candidate interface com.example.demo.Repositories.StoryRepository; If you want this repository to be a JPA repository, consider annotating your entities with one of these annotations: jakarta.persistence.Entity, jakarta.persistence.MappedSuperclass (preferred), or consider extending one of the following types with your repository: org.springframework.data.jpa.repository.JpaRepository

2024-04-01 18:05:11.997 [main] INFO  o.s.d.r.c.RepositoryConfigurationDelegate - Finished Spring Data repository scanning in 227 ms. Found 30 JPA repository interfaces.

2024-04-01 18:05:12.725 [main] INFO  o.s.b.w.e.tomcat.TomcatWebServer - Tomcat initialized with port 8081 (http)

2024-04-01 18:05:12.737 [main] INFO  o.a.coyote.http11.Http11NioProtocol - Initializing ProtocolHandler ["http-nio-192.168.1.46-8081"]

2024-04-01 18:05:12.740 [main] INFO  o.a.catalina.core.StandardService - Starting service [Tomcat]

2024-04-01 18:05:12.740 [main] INFO  o.a.catalina.core.StandardEngine - Starting Servlet engine: [Apache Tomcat/10.1.18]

2024-04-01 18:05:12.861 [main] INFO  o.a.c.c.C.[Tomcat].[localhost].[/] - Initializing Spring embedded WebApplicationContext

2024-04-01 18:05:12.863 [main] INFO  o.s.b.w.s.c.ServletWebServerApplicationContext - Root WebApplicationContext: initialization completed in 2452 ms

2024-04-01 18:05:13.073 [main] INFO  o.h.jpa.internal.util.LogHelper - HHH000204: Processing PersistenceUnitInfo [name: default]

2024-04-01 18:05:13.167 [main] INFO  org.hibernate.Version - HHH000412: Hibernate ORM core version 6.4.1.Final

2024-04-01 18:05:13.231 [main] INFO  o.h.c.i.RegionFactoryInitiator - HHH000026: Second-level cache disabled

2024-04-01 18:05:13.493 [main] INFO  o.s.o.j.p.SpringPersistenceUnitInfo - No LoadTimeWeaver setup: ignoring JPA class transformer

2024-04-01 18:05:13.523 [main] INFO  com.zaxxer.hikari.HikariDataSource - HikariPool-1 - Starting...

2024-04-01 18:05:13.713 [main] INFO  com.zaxxer.hikari.pool.HikariPool - HikariPool-1 - Added connection com.mysql.cj.jdbc.ConnectionImpl@714bffd5

2024-04-01 18:05:13.715 [main] INFO  com.zaxxer.hikari.HikariDataSource - HikariPool-1 - Start completed.

2024-04-01 18:05:13.740 [main] WARN  org.hibernate.orm.deprecation - HHH90000025: MySQL8Dialect does not need to be specified explicitly using 'hibernate.dialect' (remove the property setting and it will be selected by default)

2024-04-01 18:05:13.741 [main] WARN  org.hibernate.orm.deprecation - HHH90000026: MySQL8Dialect has been deprecated; use org.hibernate.dialect.MySQLDialect instead

2024-04-01 18:05:14.104 [main] WARN  o.h.boot.model.internal.EntityBinder - HHH000457: Joined inheritance hierarchy [com.example.demo.Models.UserManagement.Profile] defined explicit @DiscriminatorColumn.  Legacy Hibernate behavior was to ignore the @DiscriminatorColumn.  However, as part of issue HHH-6911 we now apply the explicit @DiscriminatorColumn.  If you would prefer the legacy behavior, enable the `hibernate.discriminator.ignore_explicit_for_joined` setting (hibernate.discriminator.ignore_explicit_for_joined=true)

2024-04-01 18:05:15.927 [main] INFO  o.h.e.t.j.p.i.JtaPlatformInitiator - HHH000489: No JTA platform available (set 'hibernate.transaction.jta.platform' to enable JTA platform integration)

2024-04-01 18:05:16.624 [main] INFO  o.s.o.j.LocalContainerEntityManagerFactoryBean - Initialized JPA EntityManagerFactory for persistence unit 'default'

2024-04-01 18:05:17.337 [main] INFO  o.s.d.j.r.query.QueryEnhancerFactory - JSqlParser is in classpath; If applicable, JSqlParser will be used

2024-04-01 18:05:17.337 [main] INFO  o.s.d.j.r.query.QueryEnhancerFactory - Hibernate is in classpath; If applicable, HQL parser will be used.

2024-04-01 18:05:19.445 [main] WARN  o.s.b.a.o.j.JpaBaseConfiguration$JpaWebConfiguration - spring.jpa.open-in-view is enabled by default. Therefore, database queries may be performed during view rendering. Explicitly configure spring.jpa.open-in-view to disable this warning

2024-04-01 18:05:19.782 [main] INFO  o.s.b.a.w.s.WelcomePageHandlerMapping - Adding welcome page: class path resource [static/index.html]

2024-04-01 18:05:20.175 [main] INFO  o.s.s.web.DefaultSecurityFilterChain - Will secure any request with [org.springframework.security.web.session.DisableEncodeUrlFilter@20df25f8, org.springframework.security.web.context.request.async.WebAsyncManagerIntegrationFilter@7148320d, org.springframework.security.web.context.SecurityContextHolderFilter@756d28cb, org.springframework.security.web.header.HeaderWriterFilter@265c5489, org.springframework.web.filter.CorsFilter@2587f18d, org.springframework.security.web.authentication.logout.LogoutFilter@349247c9, com.example.demo.Config.JwtAuthenticationFilter@75c36570, org.springframework.security.web.savedrequest.RequestCacheAwareFilter@7b79305c, org.springframework.security.web.servletapi.SecurityContextHolderAwareRequestFilter@1f7410c5, org.springframework.security.web.authentication.AnonymousAuthenticationFilter@4d17ce84, org.springframework.security.web.session.SessionManagementFilter@5b74c45a, org.springframework.security.web.access.ExceptionTranslationFilter@4fbc8862, org.springframework.security.web.access.intercept.AuthorizationFilter@15682e7f]

2024-04-01 18:05:21.733 [main] INFO  o.a.coyote.http11.Http11NioProtocol - Starting ProtocolHandler ["http-nio-192.168.1.46-8081"]

2024-04-01 18:05:21.790 [main] INFO  o.s.b.w.e.tomcat.TomcatWebServer - Tomcat started on port 8081 (http) with context path ''

2024-04-01 18:05:21.792 [main] INFO  o.s.m.s.b.SimpleBrokerMessageHandler - Starting...

2024-04-01 18:05:21.797 [main] INFO  o.s.m.s.b.SimpleBrokerMessageHandler - BrokerAvailabilityEvent[available=true, SimpleBrokerMessageHandler [org.springframework.messaging.simp.broker.DefaultSubscriptionRegistry@4973aba1]]

2024-04-01 18:05:21.798 [main] INFO  o.s.m.s.b.SimpleBrokerMessageHandler - Started.

2024-04-01 18:05:21.805 [main] INFO  o.s.a.r.c.CachingConnectionFactory - Attempting to connect to: [192.168.1.46:5672]

2024-04-01 18:05:21.882 [main] INFO  o.s.a.r.c.CachingConnectionFactory - Created new connection: rabbitConnectionFactory#6add626f:0/SimpleConnection@7bbdaf51 [delegate=amqp://danda@192.168.1.46:5672/, localPort=10255]

2024-04-01 18:05:21.990 [main] INFO  com.example.demo.DemoApplication - Started DemoApplication in 12.308 seconds (process running for 13.138)

2024-04-01 18:06:21.685 [MessageBroker-1] INFO  o.s.w.s.c.WebSocketMessageBrokerStats - WebSocketSession[0 current WS(0)-HttpStream(0)-HttpPoll(0), 0 total, 0 closed abnormally (0 connect failure, 0 send limit, 0 transport error)], stompSubProtocol[processed CONNECT(0)-CONNECTED(0)-DISCONNECT(0)], stompBrokerRelay[null], inboundChannel[pool size = 0, active threads = 0, queued tasks = 0, completed tasks = 0], outboundChannel[pool size = 0, active threads = 0, queued tasks = 0, completed tasks = 0], sockJsScheduler[pool size = 1, active threads = 1, queued tasks = 0, completed tasks = 0]

2024-04-01 18:07:23.440 [http-nio-192.168.1.46-8081-exec-1] INFO  o.a.c.c.C.[Tomcat].[localhost].[/] - Initializing Spring DispatcherServlet 'dispatcherServlet'

2024-04-01 18:07:23.440 [http-nio-192.168.1.46-8081-exec-1] INFO  o.s.web.servlet.DispatcherServlet - Initializing Servlet 'dispatcherServlet'

2024-04-01 18:07:23.447 [http-nio-192.168.1.46-8081-exec-1] INFO  o.s.web.servlet.DispatcherServlet - Completed initialization in 7 ms

2024-04-01 18:08:22.762 [http-nio-192.168.1.46-8081-exec-1] INFO  c.e.d.S.U.UserPostServiceImpl - UserPost(id=null, names=[post_1_2024_4_1_18_8_22_1.PNG, post_1_2024_4_1_18_8_22_2.jpg], profile=Personal(title=null), country=null, hashTags=[HashTag(id=3, name=hotel, deleted=false, topicEngagementList=[])], tags=[], mentions=[], brand=null, likes=0, comments=0, caption=come home the kids miss you, thumbnail=null, time=2024-04-01T18:08:22.742440800, contentTypes=[image/pngcontent_1, image/jpegcontent_2], path=C:\Users\user\Documents\explore\exploredev\Posts\, shares=0, favorites=0, deleted=false, commentList=[], favList=[], likesList=[], mentionList=[], tagList=[], cartitems=[], orderList=[])

2024-04-01 18:08:22.793 [http-nio-192.168.1.46-8081-exec-1] INFO  c.e.d.S.U.UserPostServiceImpl - Post uploaded successfully

2024-04-01 18:11:14.433 [http-nio-192.168.1.46-8081-exec-2] WARN  o.s.w.s.m.s.DefaultHandlerExceptionResolver - Resolved [org.springframework.web.multipart.support.MissingServletRequestPartException: Required part 'file' is not present.]

2024-04-01 18:11:14.440 [http-nio-192.168.1.46-8081-exec-3] INFO  c.e.d.S.U.UserPostServiceImpl - UserPost(id=null, names=[post_1_2024_4_1_18_11_14_1.PNG, post_1_2024_4_1_18_11_14_2.jpg], profile=Personal(title=null), country=null, hashTags=[HashTag(id=3, name=hotel, deleted=false, topicEngagementList=[])], tags=[], mentions=[], brand=null, likes=0, comments=0, caption=come home the kids miss you 2, thumbnail=null, time=2024-04-01T18:11:14.434487800, contentTypes=[image/pngcontent_1, image/jpegcontent_2], path=C:\Users\user\Documents\explore\exploredev\Posts\, shares=0, favorites=0, deleted=false, commentList=[], favList=[], likesList=[], mentionList=[], tagList=[], cartitems=[], orderList=[])

2024-04-01 18:11:14.445 [http-nio-192.168.1.46-8081-exec-3] INFO  c.e.d.S.U.UserPostServiceImpl - Post uploaded successfully

2024-04-01 18:19:47.439 [http-nio-192.168.1.46-8081-exec-5] ERROR c.e.d.S.U.UserPostServiceImpl - Failed to upload post: Cannot invoke "java.util.List.iterator()" because "hashtagNames" is null

2024-04-01 18:20:44.272 [http-nio-192.168.1.46-8081-exec-6] ERROR c.e.d.S.U.UserPostServiceImpl - Unsupported content type: application/octet-stream

2024-04-01 18:21:55.948 [http-nio-192.168.1.46-8081-exec-7] ERROR c.e.d.S.U.UserPostServiceImpl - Unsupported content type: application/octet-stream

2024-04-01 18:23:41.891 [http-nio-192.168.1.46-8081-exec-8] WARN  o.s.w.s.m.s.DefaultHandlerExceptionResolver - Resolved [org.springframework.web.multipart.support.MissingServletRequestPartException: Required part 'file' is not present.]

2024-04-01 18:26:06.591 [http-nio-192.168.1.46-8081-exec-9] ERROR c.e.d.S.U.UserPostServiceImpl - Unsupported content type: application/octet-stream

2024-04-01 18:27:13.227 [http-nio-192.168.1.46-8081-exec-10] ERROR c.e.d.S.U.UserPostServiceImpl - Unsupported content type: application/octet-stream

2024-04-01 18:28:39.674 [http-nio-192.168.1.46-8081-exec-1] ERROR c.e.d.S.U.UserPostServiceImpl - Unsupported content type: application/octet-stream

2024-04-01 18:32:10.732 [http-nio-192.168.1.46-8081-exec-3] ERROR c.e.d.S.U.UserPostServiceImpl - Unsupported content type: application/octet-stream

2024-04-01 18:33:55.297 [http-nio-192.168.1.46-8081-exec-2] ERROR c.e.d.S.U.UserPostServiceImpl - Unsupported content type: application/octet-stream

2024-04-01 18:34:11.284 [http-nio-192.168.1.46-8081-exec-4] ERROR c.e.d.S.U.UserPostServiceImpl - Unsupported content type: application/octet-stream

2024-04-01 18:34:19.615 [http-nio-192.168.1.46-8081-exec-5] ERROR c.e.d.S.U.UserPostServiceImpl - Unsupported content type: application/octet-stream

2024-04-01 18:36:21.691 [MessageBroker-1] INFO  o.s.w.s.c.WebSocketMessageBrokerStats - WebSocketSession[0 current WS(0)-HttpStream(0)-HttpPoll(0), 0 total, 0 closed abnormally (0 connect failure, 0 send limit, 0 transport error)], stompSubProtocol[processed CONNECT(0)-CONNECTED(0)-DISCONNECT(0)], stompBrokerRelay[null], inboundChannel[pool size = 0, active threads = 0, queued tasks = 0, completed tasks = 0], outboundChannel[pool size = 0, active threads = 0, queued tasks = 0, completed tasks = 0], sockJsScheduler[pool size = 2, active threads = 1, queued tasks = 0, completed tasks = 1]

2024-04-01 18:37:46.827 [http-nio-192.168.1.46-8081-exec-6] ERROR c.e.d.S.U.UserPostServiceImpl - Unsupported content type: application/octet-stream

2024-04-01 18:38:25.906 [http-nio-192.168.1.46-8081-exec-7] ERROR c.e.d.S.U.UserPostServiceImpl - Unsupported content type: application/octet-stream

2024-04-01 18:39:33.485 [http-nio-192.168.1.46-8081-exec-9] ERROR c.e.d.S.U.UserPostServiceImpl - Unsupported content type: application/octet-stream

2024-04-01 18:41:38.945 [http-nio-192.168.1.46-8081-exec-2] ERROR c.e.d.S.U.UserPostServiceImpl - Unsupported content type: application/octet-stream

2024-04-01 18:41:40.145 [http-nio-192.168.1.46-8081-exec-1] ERROR c.e.d.S.U.UserPostServiceImpl - Unsupported content type: application/octet-stream

2024-04-01 18:42:00.601 [http-nio-192.168.1.46-8081-exec-5] ERROR c.e.d.S.U.UserPostServiceImpl - Unsupported content type: application/octet-stream

2024-04-01 18:42:10.885 [http-nio-192.168.1.46-8081-exec-6] WARN  o.s.w.s.m.s.DefaultHandlerExceptionResolver - Resolved [org.springframework.web.multipart.support.MissingServletRequestPartException: Required part 'file' is not present.]

2024-04-01 18:42:53.333 [http-nio-192.168.1.46-8081-exec-8] WARN  o.s.w.s.m.s.DefaultHandlerExceptionResolver - Resolved [org.springframework.web.multipart.support.MissingServletRequestPartException: Required part 'file' is not present.]

2024-04-01 18:43:59.073 [http-nio-192.168.1.46-8081-exec-7] WARN  o.s.w.s.m.s.DefaultHandlerExceptionResolver - Resolved [org.springframework.web.multipart.support.MissingServletRequestPartException: Required part 'file' is not present.]

2024-04-01 18:54:19.604 [http-nio-192.168.1.46-8081-exec-9] WARN  o.s.w.s.m.s.DefaultHandlerExceptionResolver - Resolved [org.springframework.web.multipart.support.MissingServletRequestPartException: Required part 'file' is not present.]

2024-04-01 18:54:24.069 [http-nio-192.168.1.46-8081-exec-10] WARN  o.s.w.s.m.s.DefaultHandlerExceptionResolver - Resolved [org.springframework.web.multipart.support.MissingServletRequestPartException: Required part 'file' is not present.]

2024-04-01 19:06:21.699 [MessageBroker-2] INFO  o.s.w.s.c.WebSocketMessageBrokerStats - WebSocketSession[0 current WS(0)-HttpStream(0)-HttpPoll(0), 0 total, 0 closed abnormally (0 connect failure, 0 send limit, 0 transport error)], stompSubProtocol[processed CONNECT(0)-CONNECTED(0)-DISCONNECT(0)], stompBrokerRelay[null], inboundChannel[pool size = 0, active threads = 0, queued tasks = 0, completed tasks = 0], outboundChannel[pool size = 0, active threads = 0, queued tasks = 0, completed tasks = 0], sockJsScheduler[pool size = 3, active threads = 1, queued tasks = 0, completed tasks = 2]

2024-04-01 19:36:21.705 [MessageBroker-1] INFO  o.s.w.s.c.WebSocketMessageBrokerStats - WebSocketSession[0 current WS(0)-HttpStream(0)-HttpPoll(0), 0 total, 0 closed abnormally (0 connect failure, 0 send limit, 0 transport error)], stompSubProtocol[processed CONNECT(0)-CONNECTED(0)-DISCONNECT(0)], stompBrokerRelay[null], inboundChannel[pool size = 0, active threads = 0, queued tasks = 0, completed tasks = 0], outboundChannel[pool size = 0, active threads = 0, queued tasks = 0, completed tasks = 0], sockJsScheduler[pool size = 4, active threads = 1, queued tasks = 0, completed tasks = 3]

2024-04-01 20:06:21.714 [MessageBroker-1] INFO  o.s.w.s.c.WebSocketMessageBrokerStats - WebSocketSession[0 current WS(0)-HttpStream(0)-HttpPoll(0), 0 total, 0 closed abnormally (0 connect failure, 0 send limit, 0 transport error)], stompSubProtocol[processed CONNECT(0)-CONNECTED(0)-DISCONNECT(0)], stompBrokerRelay[null], inboundChannel[pool size = 0, active threads = 0, queued tasks = 0, completed tasks = 0], outboundChannel[pool size = 0, active threads = 0, queued tasks = 0, completed tasks = 0], sockJsScheduler[pool size = 4, active threads = 1, queued tasks = 0, completed tasks = 4]

2024-04-01 20:36:21.720 [MessageBroker-1] INFO  o.s.w.s.c.WebSocketMessageBrokerStats - WebSocketSession[0 current WS(0)-HttpStream(0)-HttpPoll(0), 0 total, 0 closed abnormally (0 connect failure, 0 send limit, 0 transport error)], stompSubProtocol[processed CONNECT(0)-CONNECTED(0)-DISCONNECT(0)], stompBrokerRelay[null], inboundChannel[pool size = 0, active threads = 0, queued tasks = 0, completed tasks = 0], outboundChannel[pool size = 0, active threads = 0, queued tasks = 0, completed tasks = 0], sockJsScheduler[pool size = 4, active threads = 1, queued tasks = 0, completed tasks = 5]

2024-04-01 21:06:21.728 [MessageBroker-1] INFO  o.s.w.s.c.WebSocketMessageBrokerStats - WebSocketSession[0 current WS(0)-HttpStream(0)-HttpPoll(0), 0 total, 0 closed abnormally (0 connect failure, 0 send limit, 0 transport error)], stompSubProtocol[processed CONNECT(0)-CONNECTED(0)-DISCONNECT(0)], stompBrokerRelay[null], inboundChannel[pool size = 0, active threads = 0, queued tasks = 0, completed tasks = 0], outboundChannel[pool size = 0, active threads = 0, queued tasks = 0, completed tasks = 0], sockJsScheduler[pool size = 4, active threads = 1, queued tasks = 0, completed tasks = 6]

2024-04-01 21:36:21.733 [MessageBroker-1] INFO  o.s.w.s.c.WebSocketMessageBrokerStats - WebSocketSession[0 current WS(0)-HttpStream(0)-HttpPoll(0), 0 total, 0 closed abnormally (0 connect failure, 0 send limit, 0 transport error)], stompSubProtocol[processed CONNECT(0)-CONNECTED(0)-DISCONNECT(0)], stompBrokerRelay[null], inboundChannel[pool size = 0, active threads = 0, queued tasks = 0, completed tasks = 0], outboundChannel[pool size = 0, active threads = 0, queued tasks = 0, completed tasks = 0], sockJsScheduler[pool size = 4, active threads = 1, queued tasks = 0, completed tasks = 7]

2024-04-01 22:06:21.875 [MessageBroker-1] INFO  o.s.w.s.c.WebSocketMessageBrokerStats - WebSocketSession[0 current WS(0)-HttpStream(0)-HttpPoll(0), 0 total, 0 closed abnormally (0 connect failure, 0 send limit, 0 transport error)], stompSubProtocol[processed CONNECT(0)-CONNECTED(0)-DISCONNECT(0)], stompBrokerRelay[null], inboundChannel[pool size = 0, active threads = 0, queued tasks = 0, completed tasks = 0], outboundChannel[pool size = 0, active threads = 0, queued tasks = 0, completed tasks = 0], sockJsScheduler[pool size = 4, active threads = 1, queued tasks = 0, completed tasks = 8]

2024-04-01 22:14:38.518 [http-nio-192.168.1.46-8081-exec-3] ERROR c.e.d.S.U.UserPostServiceImpl - Unsupported content type: application/octet-stream

2024-04-01 22:15:13.882 [http-nio-192.168.1.46-8081-exec-4] ERROR c.e.d.S.U.UserPostServiceImpl - Unsupported content type: application/octet-stream

2024-04-01 22:16:19.552 [http-nio-192.168.1.46-8081-exec-2] ERROR c.e.d.S.U.UserPostServiceImpl - Unsupported content type: application/octet-stream

